mode: set
aurago/internal/memory/activity.go:74.51,121.45 2 1
aurago/internal/memory/activity.go:121.45,123.3 1 0
aurago/internal/memory/activity.go:125.2,135.36 1 1
aurago/internal/memory/activity.go:135.36,137.3 1 0
aurago/internal/memory/activity.go:139.2,154.4 1 1
aurago/internal/memory/activity.go:154.4,155.66 1 1
aurago/internal/memory/activity.go:155.66,157.4 1 0
aurago/internal/memory/activity.go:160.2,160.12 1 1
aurago/internal/memory/activity.go:164.77,165.21 1 1
aurago/internal/memory/activity.go:165.21,167.3 1 0
aurago/internal/memory/activity.go:168.2,168.23 1 1
aurago/internal/memory/activity.go:168.23,170.3 1 1
aurago/internal/memory/activity.go:171.2,171.23 1 1
aurago/internal/memory/activity.go:171.23,173.3 1 0
aurago/internal/memory/activity.go:174.2,174.48 1 1
aurago/internal/memory/activity.go:174.48,176.3 1 1
aurago/internal/memory/activity.go:177.2,177.26 1 1
aurago/internal/memory/activity.go:177.26,179.3 1 1
aurago/internal/memory/activity.go:180.2,180.25 1 1
aurago/internal/memory/activity.go:180.25,182.3 1 0
aurago/internal/memory/activity.go:183.2,207.16 10 1
aurago/internal/memory/activity.go:207.16,209.3 1 0
aurago/internal/memory/activity.go:210.2,210.27 1 1
aurago/internal/memory/activity.go:214.120,215.30 1 1
aurago/internal/memory/activity.go:215.30,217.3 1 0
aurago/internal/memory/activity.go:218.2,228.26 3 1
aurago/internal/memory/activity.go:228.26,248.3 2 0
aurago/internal/memory/activity.go:248.8,261.3 1 1
aurago/internal/memory/activity.go:262.2,262.16 1 1
aurago/internal/memory/activity.go:262.16,264.3 1 0
aurago/internal/memory/activity.go:265.2,266.32 2 1
aurago/internal/memory/activity.go:270.96,272.2 1 1
aurago/internal/memory/activity.go:275.84,276.23 1 1
aurago/internal/memory/activity.go:276.23,278.3 1 0
aurago/internal/memory/activity.go:279.2,279.30 1 1
aurago/internal/memory/activity.go:279.30,281.3 1 0
aurago/internal/memory/activity.go:282.2,282.25 1 1
aurago/internal/memory/activity.go:282.25,284.3 1 0
aurago/internal/memory/activity.go:285.2,307.16 8 1
aurago/internal/memory/activity.go:307.16,309.3 1 0
aurago/internal/memory/activity.go:310.2,310.12 1 1
aurago/internal/memory/activity.go:314.95,315.28 1 1
aurago/internal/memory/activity.go:315.28,317.3 1 0
aurago/internal/memory/activity.go:318.2,324.16 2 1
aurago/internal/memory/activity.go:324.16,326.3 1 0
aurago/internal/memory/activity.go:327.2,330.18 3 1
aurago/internal/memory/activity.go:330.18,333.196 3 0
aurago/internal/memory/activity.go:333.196,335.4 1 0
aurago/internal/memory/activity.go:336.3,342.28 7 0
aurago/internal/memory/activity.go:344.2,344.24 1 1
aurago/internal/memory/activity.go:348.94,349.16 1 1
aurago/internal/memory/activity.go:349.16,351.3 1 0
aurago/internal/memory/activity.go:352.2,353.16 2 1
aurago/internal/memory/activity.go:353.16,355.3 1 0
aurago/internal/memory/activity.go:357.2,361.97 4 1
aurago/internal/memory/activity.go:361.97,363.3 1 0
aurago/internal/memory/activity.go:365.2,371.29 7 1
aurago/internal/memory/activity.go:371.29,372.39 1 1
aurago/internal/memory/activity.go:372.39,374.4 1 1
aurago/internal/memory/activity.go:375.3,375.24 1 1
aurago/internal/memory/activity.go:375.24,377.4 1 1
aurago/internal/memory/activity.go:378.3,378.26 1 1
aurago/internal/memory/activity.go:378.26,380.4 1 1
aurago/internal/memory/activity.go:381.3,383.50 3 1
aurago/internal/memory/activity.go:385.2,385.39 1 1
aurago/internal/memory/activity.go:385.39,387.3 1 0
aurago/internal/memory/activity.go:388.2,388.42 1 1
aurago/internal/memory/activity.go:388.42,390.3 1 0
aurago/internal/memory/activity.go:391.2,391.29 1 1
aurago/internal/memory/activity.go:391.29,392.16 1 1
aurago/internal/memory/activity.go:392.16,393.12 1 0
aurago/internal/memory/activity.go:395.3,395.40 1 1
aurago/internal/memory/activity.go:398.2,410.60 2 1
aurago/internal/memory/activity.go:410.60,412.3 1 0
aurago/internal/memory/activity.go:413.2,413.20 1 1
aurago/internal/memory/activity.go:417.118,418.28 1 1
aurago/internal/memory/activity.go:418.28,420.3 1 0
aurago/internal/memory/activity.go:422.2,423.16 2 1
aurago/internal/memory/activity.go:423.16,425.3 1 0
aurago/internal/memory/activity.go:426.2,426.25 1 1
aurago/internal/memory/activity.go:426.25,427.29 1 1
aurago/internal/memory/activity.go:427.29,430.37 3 1
aurago/internal/memory/activity.go:430.37,431.30 1 1
aurago/internal/memory/activity.go:431.30,433.11 2 0
aurago/internal/memory/activity.go:436.4,436.13 1 1
aurago/internal/memory/activity.go:436.13,437.13 1 0
aurago/internal/memory/activity.go:439.4,440.45 2 1
aurago/internal/memory/activity.go:440.45,442.5 1 1
aurago/internal/memory/activity.go:444.3,444.43 1 1
aurago/internal/memory/activity.go:444.43,444.87 1 1
aurago/internal/memory/activity.go:445.3,445.26 1 1
aurago/internal/memory/activity.go:445.26,447.4 1 0
aurago/internal/memory/activity.go:450.2,450.23 1 1
aurago/internal/memory/activity.go:450.23,452.3 1 0
aurago/internal/memory/activity.go:454.2,462.30 2 1
aurago/internal/memory/activity.go:462.30,467.3 4 1
aurago/internal/memory/activity.go:468.2,474.20 6 1
aurago/internal/memory/activity.go:474.20,476.17 2 1
aurago/internal/memory/activity.go:476.17,478.4 1 1
aurago/internal/memory/activity.go:481.2,482.22 2 1
aurago/internal/memory/activity.go:486.84,488.35 2 1
aurago/internal/memory/activity.go:488.35,490.3 1 0
aurago/internal/memory/activity.go:491.2,491.63 1 1
aurago/internal/memory/activity.go:491.63,493.3 1 0
aurago/internal/memory/activity.go:494.2,495.36 2 1
aurago/internal/memory/activity.go:495.36,499.3 3 1
aurago/internal/memory/activity.go:500.2,500.28 1 1
aurago/internal/memory/activity.go:500.28,502.37 2 1
aurago/internal/memory/activity.go:502.37,503.14 1 1
aurago/internal/memory/activity.go:503.14,504.10 1 1
aurago/internal/memory/activity.go:506.4,510.24 5 1
aurago/internal/memory/activity.go:513.2,513.36 1 1
aurago/internal/memory/activity.go:513.36,515.46 2 1
aurago/internal/memory/activity.go:515.46,516.14 1 1
aurago/internal/memory/activity.go:516.14,517.10 1 0
aurago/internal/memory/activity.go:519.4,521.24 3 1
aurago/internal/memory/activity.go:524.2,524.34 1 1
aurago/internal/memory/activity.go:524.34,526.44 2 1
aurago/internal/memory/activity.go:526.44,527.14 1 1
aurago/internal/memory/activity.go:527.14,528.10 1 0
aurago/internal/memory/activity.go:530.4,532.24 3 1
aurago/internal/memory/activity.go:535.2,535.44 1 1
aurago/internal/memory/activity.go:538.116,544.36 5 0
aurago/internal/memory/activity.go:544.36,553.3 1 0
aurago/internal/memory/activity.go:555.2,556.29 2 0
aurago/internal/memory/activity.go:556.29,557.17 1 0
aurago/internal/memory/activity.go:557.17,559.4 1 0
aurago/internal/memory/activity.go:561.2,564.39 3 0
aurago/internal/memory/activity.go:564.39,567.3 2 0
aurago/internal/memory/activity.go:568.2,572.20 4 0
aurago/internal/memory/activity.go:572.20,575.3 2 0
aurago/internal/memory/activity.go:576.2,576.22 1 0
aurago/internal/memory/activity.go:584.28,586.18 2 1
aurago/internal/memory/activity.go:586.18,594.17 3 1
aurago/internal/memory/activity.go:594.17,596.4 1 0
aurago/internal/memory/activity.go:597.3,605.26 9 1
aurago/internal/memory/activity.go:607.2,607.24 1 1
aurago/internal/memory/activity.go:610.155,612.20 2 1
aurago/internal/memory/activity.go:612.20,615.22 3 1
aurago/internal/memory/activity.go:615.22,617.4 1 1
aurago/internal/memory/activity.go:619.2,619.29 1 1
aurago/internal/memory/activity.go:619.29,621.3 1 0
aurago/internal/memory/activity.go:622.2,622.30 1 1
aurago/internal/memory/activity.go:622.30,624.3 1 0
aurago/internal/memory/activity.go:625.2,625.22 1 1
aurago/internal/memory/activity.go:625.22,627.3 1 1
aurago/internal/memory/activity.go:628.2,628.34 1 1
aurago/internal/memory/activity.go:631.128,632.68 1 1
aurago/internal/memory/activity.go:632.68,634.3 1 0
aurago/internal/memory/activity.go:635.2,636.22 2 1
aurago/internal/memory/activity.go:636.22,638.3 1 1
aurago/internal/memory/activity.go:639.2,639.25 1 1
aurago/internal/memory/activity.go:639.25,641.3 1 1
aurago/internal/memory/activity.go:642.2,642.22 1 1
aurago/internal/memory/activity.go:642.22,644.3 1 1
aurago/internal/memory/activity.go:645.2,645.34 1 1
aurago/internal/memory/activity.go:648.58,650.40 2 1
aurago/internal/memory/activity.go:650.40,652.3 1 1
aurago/internal/memory/activity.go:653.2,653.17 1 0
aurago/internal/memory/activity.go:653.17,655.3 1 0
aurago/internal/memory/activity.go:656.2,656.51 1 0
aurago/internal/memory/activity.go:659.59,662.26 3 1
aurago/internal/memory/activity.go:662.26,664.17 2 1
aurago/internal/memory/activity.go:664.17,665.12 1 0
aurago/internal/memory/activity.go:667.3,667.30 1 1
aurago/internal/memory/activity.go:667.30,668.12 1 1
aurago/internal/memory/activity.go:670.3,672.37 3 1
aurago/internal/memory/activity.go:672.37,673.9 1 0
aurago/internal/memory/activity.go:676.2,676.12 1 1
aurago/internal/memory/activity.go:679.76,681.54 2 1
aurago/internal/memory/activity.go:681.54,683.3 1 1
aurago/internal/memory/activity.go:684.2,684.12 1 1
aurago/internal/memory/agent_telemetry.go:22.80,23.40 1 1
aurago/internal/memory/agent_telemetry.go:23.40,25.3 1 0
aurago/internal/memory/agent_telemetry.go:26.2,34.16 2 1
aurago/internal/memory/agent_telemetry.go:34.16,36.3 1 0
aurago/internal/memory/agent_telemetry.go:37.2,37.12 1 1
aurago/internal/memory/agent_telemetry.go:41.107,42.79 1 1
aurago/internal/memory/agent_telemetry.go:42.79,44.3 1 0
aurago/internal/memory/agent_telemetry.go:45.2,53.16 2 1
aurago/internal/memory/agent_telemetry.go:53.16,55.3 1 0
aurago/internal/memory/agent_telemetry.go:56.2,56.12 1 1
aurago/internal/memory/agent_telemetry.go:60.74,62.16 2 1
aurago/internal/memory/agent_telemetry.go:62.16,64.3 1 0
aurago/internal/memory/agent_telemetry.go:65.2,68.18 3 1
aurago/internal/memory/agent_telemetry.go:68.18,70.79 2 1
aurago/internal/memory/agent_telemetry.go:70.79,72.4 1 0
aurago/internal/memory/agent_telemetry.go:73.3,73.25 1 1
aurago/internal/memory/agent_telemetry.go:75.2,75.24 1 1
aurago/internal/memory/agent_telemetry.go:79.86,81.16 2 1
aurago/internal/memory/agent_telemetry.go:81.16,83.3 1 0
aurago/internal/memory/agent_telemetry.go:84.2,87.18 3 1
aurago/internal/memory/agent_telemetry.go:87.18,89.110 2 1
aurago/internal/memory/agent_telemetry.go:89.110,91.4 1 0
aurago/internal/memory/agent_telemetry.go:92.3,92.25 1 1
aurago/internal/memory/agent_telemetry.go:94.2,94.24 1 1
aurago/internal/memory/chroma.go:25.79,26.24 1 0
aurago/internal/memory/chroma.go:26.24,29.3 2 0
aurago/internal/memory/chroma.go:31.2,39.16 6 0
aurago/internal/memory/chroma.go:39.16,41.3 1 0
aurago/internal/memory/chroma.go:48.2,48.38 1 0
aurago/internal/memory/chroma.go:48.38,52.64 4 0
aurago/internal/memory/chroma.go:52.64,55.4 2 0
aurago/internal/memory/chroma.go:56.3,56.142 1 0
aurago/internal/memory/chroma.go:59.2,60.16 2 0
aurago/internal/memory/chroma.go:60.16,62.3 1 0
aurago/internal/memory/chroma.go:64.2,65.29 2 0
aurago/internal/memory/chroma.go:65.29,66.61 1 0
aurago/internal/memory/chroma.go:66.61,67.12 1 0
aurago/internal/memory/chroma.go:70.3,72.17 3 0
aurago/internal/memory/chroma.go:72.17,74.12 2 0
aurago/internal/memory/chroma.go:77.3,84.24 4 0
aurago/internal/memory/chroma.go:84.24,86.69 2 0
aurago/internal/memory/chroma.go:86.69,88.5 1 0
aurago/internal/memory/chroma.go:92.3,92.24 1 0
aurago/internal/memory/chroma.go:92.24,94.30 2 0
aurago/internal/memory/chroma.go:94.30,96.5 1 0
aurago/internal/memory/chroma.go:96.10,98.5 1 0
aurago/internal/memory/chroma.go:101.3,109.5 2 0
aurago/internal/memory/chroma.go:112.2,112.20 1 0
aurago/internal/memory/chroma.go:112.20,114.3 1 0
aurago/internal/memory/chroma.go:117.2,118.19 2 0
aurago/internal/memory/chroma.go:118.19,120.3 1 0
aurago/internal/memory/chroma.go:122.2,123.72 2 0
aurago/internal/memory/chroma.go:123.72,125.3 1 0
aurago/internal/memory/chroma.go:128.2,133.12 5 0
aurago/internal/memory/chroma.go:138.87,139.39 1 0
aurago/internal/memory/chroma.go:139.39,141.3 1 0
aurago/internal/memory/chroma.go:143.2,147.16 4 0
aurago/internal/memory/chroma.go:147.16,149.3 1 0
aurago/internal/memory/chroma.go:151.2,151.29 1 0
aurago/internal/memory/chroma.go:151.29,153.3 1 0
aurago/internal/memory/chroma.go:155.2,156.16 2 0
aurago/internal/memory/chroma.go:156.16,158.3 1 0
aurago/internal/memory/chroma.go:160.2,161.16 2 0
aurago/internal/memory/chroma.go:161.16,163.3 1 0
aurago/internal/memory/chroma.go:165.2,166.33 2 0
aurago/internal/memory/chroma.go:166.33,167.30 1 0
aurago/internal/memory/chroma.go:167.30,168.47 1 0
aurago/internal/memory/chroma.go:168.47,170.5 1 0
aurago/internal/memory/chroma.go:174.2,174.24 1 0
aurago/internal/memory/chroma.go:178.108,179.24 1 0
aurago/internal/memory/chroma.go:179.24,182.3 2 0
aurago/internal/memory/chroma.go:184.2,192.16 6 0
aurago/internal/memory/chroma.go:192.16,194.3 1 0
aurago/internal/memory/chroma.go:197.2,198.16 2 0
aurago/internal/memory/chroma.go:198.16,200.3 1 0
aurago/internal/memory/chroma.go:202.2,210.29 4 0
aurago/internal/memory/chroma.go:210.29,211.61 1 0
aurago/internal/memory/chroma.go:211.61,212.12 1 0
aurago/internal/memory/chroma.go:215.3,217.17 3 0
aurago/internal/memory/chroma.go:217.17,218.12 1 0
aurago/internal/memory/chroma.go:222.3,222.27 1 0
aurago/internal/memory/chroma.go:222.27,224.68 2 0
aurago/internal/memory/chroma.go:224.68,226.13 2 0
aurago/internal/memory/chroma.go:229.3,233.17 3 0
aurago/internal/memory/chroma.go:233.17,235.12 2 0
aurago/internal/memory/chroma.go:238.3,242.27 3 0
aurago/internal/memory/chroma.go:242.27,251.4 1 0
aurago/internal/memory/chroma.go:251.9,253.33 2 0
aurago/internal/memory/chroma.go:253.33,263.5 1 0
aurago/internal/memory/chroma.go:267.3,267.88 1 0
aurago/internal/memory/chroma.go:270.2,270.23 1 0
aurago/internal/memory/chroma.go:270.23,273.3 2 0
aurago/internal/memory/chroma.go:276.2,278.75 3 0
aurago/internal/memory/chroma.go:278.75,280.3 1 0
aurago/internal/memory/chroma.go:283.2,283.16 1 0
aurago/internal/memory/chroma.go:283.16,284.34 1 0
aurago/internal/memory/chroma.go:284.34,286.4 1 0
aurago/internal/memory/chroma.go:289.2,290.12 2 0
aurago/internal/memory/chroma.go:296.74,298.16 2 0
aurago/internal/memory/chroma.go:298.16,300.3 1 0
aurago/internal/memory/chroma.go:301.2,302.26 2 0
aurago/internal/memory/chroma.go:302.26,303.55 1 0
aurago/internal/memory/chroma.go:303.55,304.12 1 0
aurago/internal/memory/chroma.go:306.3,307.17 2 0
aurago/internal/memory/chroma.go:307.17,308.12 1 0
aurago/internal/memory/chroma.go:310.3,311.16 2 0
aurago/internal/memory/chroma.go:313.2,313.39 1 0
aurago/internal/memory/chroma.go:318.52,319.36 1 0
aurago/internal/memory/chroma.go:319.36,321.3 1 0
aurago/internal/memory/chroma.go:322.2,325.13 4 0
aurago/internal/memory/chroma.go:325.13,327.3 1 0
aurago/internal/memory/chroma.go:328.2,328.13 1 0
aurago/internal/memory/chroma.go:328.13,330.3 1 0
aurago/internal/memory/chroma.go:331.2,333.26 3 0
aurago/internal/memory/chroma.go:338.78,340.12 2 0
aurago/internal/memory/chroma.go:340.12,342.61 2 0
aurago/internal/memory/chroma.go:342.61,344.4 1 0
aurago/internal/memory/chroma.go:350.107,352.12 2 0
aurago/internal/memory/chroma.go:352.12,354.76 2 0
aurago/internal/memory/chroma.go:354.76,356.4 1 0
aurago/internal/memory/emotion_synthesizer.go:93.175,94.26 1 1
aurago/internal/memory/emotion_synthesizer.go:94.26,96.3 1 1
aurago/internal/memory/emotion_synthesizer.go:97.2,97.21 1 1
aurago/internal/memory/emotion_synthesizer.go:97.21,99.3 1 1
aurago/internal/memory/emotion_synthesizer.go:100.2,100.20 1 1
aurago/internal/memory/emotion_synthesizer.go:100.20,102.3 1 1
aurago/internal/memory/emotion_synthesizer.go:103.2,110.3 1 1
aurago/internal/memory/emotion_synthesizer.go:114.62,118.2 3 1
aurago/internal/memory/emotion_synthesizer.go:122.132,124.69 2 1
aurago/internal/memory/emotion_synthesizer.go:124.69,128.3 3 1
aurago/internal/memory/emotion_synthesizer.go:129.2,135.21 5 1
aurago/internal/memory/emotion_synthesizer.go:135.21,137.3 1 0
aurago/internal/memory/emotion_synthesizer.go:140.2,151.16 4 1
aurago/internal/memory/emotion_synthesizer.go:151.16,154.3 2 1
aurago/internal/memory/emotion_synthesizer.go:156.2,156.69 1 1
aurago/internal/memory/emotion_synthesizer.go:156.69,158.3 1 1
aurago/internal/memory/emotion_synthesizer.go:160.2,161.16 2 1
aurago/internal/memory/emotion_synthesizer.go:161.16,163.3 1 0
aurago/internal/memory/emotion_synthesizer.go:164.2,171.16 5 1
aurago/internal/memory/emotion_synthesizer.go:171.16,173.32 2 1
aurago/internal/memory/emotion_synthesizer.go:173.32,175.4 1 0
aurago/internal/memory/emotion_synthesizer.go:176.3,176.79 1 1
aurago/internal/memory/emotion_synthesizer.go:176.79,178.4 1 0
aurago/internal/memory/emotion_synthesizer.go:181.2,188.19 2 1
aurago/internal/memory/emotion_synthesizer.go:192.70,199.29 4 1
aurago/internal/memory/emotion_synthesizer.go:199.29,201.3 1 1
aurago/internal/memory/emotion_synthesizer.go:202.2,202.39 1 1
aurago/internal/memory/emotion_synthesizer.go:202.39,204.48 2 1
aurago/internal/memory/emotion_synthesizer.go:204.48,206.4 1 1
aurago/internal/memory/emotion_synthesizer.go:210.2,213.27 2 1
aurago/internal/memory/emotion_synthesizer.go:213.27,221.3 1 1
aurago/internal/memory/emotion_synthesizer.go:223.2,225.29 3 1
aurago/internal/memory/emotion_synthesizer.go:225.29,227.3 1 1
aurago/internal/memory/emotion_synthesizer.go:228.2,228.50 1 1
aurago/internal/memory/emotion_synthesizer.go:228.50,230.3 1 1
aurago/internal/memory/emotion_synthesizer.go:231.2,231.31 1 1
aurago/internal/memory/emotion_synthesizer.go:231.31,233.3 1 1
aurago/internal/memory/emotion_synthesizer.go:235.2,235.30 1 1
aurago/internal/memory/emotion_synthesizer.go:235.30,237.3 1 1
aurago/internal/memory/emotion_synthesizer.go:239.2,258.74 19 1
aurago/internal/memory/emotion_synthesizer.go:258.74,262.3 3 1
aurago/internal/memory/emotion_synthesizer.go:264.2,266.19 2 1
aurago/internal/memory/emotion_synthesizer.go:270.41,272.2 1 1
aurago/internal/memory/emotion_synthesizer.go:275.54,278.35 3 1
aurago/internal/memory/emotion_synthesizer.go:278.35,280.3 1 1
aurago/internal/memory/emotion_synthesizer.go:281.2,281.10 1 1
aurago/internal/memory/emotion_synthesizer.go:284.62,285.22 1 1
aurago/internal/memory/emotion_synthesizer.go:285.22,287.3 1 1
aurago/internal/memory/emotion_synthesizer.go:288.2,289.65 2 1
aurago/internal/memory/emotion_synthesizer.go:289.65,291.3 1 1
aurago/internal/memory/emotion_synthesizer.go:291.8,291.39 1 1
aurago/internal/memory/emotion_synthesizer.go:291.39,293.3 1 0
aurago/internal/memory/emotion_synthesizer.go:294.2,294.35 1 1
aurago/internal/memory/emotion_synthesizer.go:294.35,296.3 1 1
aurago/internal/memory/emotion_synthesizer.go:296.8,296.42 1 1
aurago/internal/memory/emotion_synthesizer.go:296.42,298.3 1 0
aurago/internal/memory/emotion_synthesizer.go:299.2,299.35 1 1
aurago/internal/memory/emotion_synthesizer.go:299.35,301.3 1 1
aurago/internal/memory/emotion_synthesizer.go:302.2,302.37 1 1
aurago/internal/memory/emotion_synthesizer.go:302.37,304.3 1 0
aurago/internal/memory/emotion_synthesizer.go:305.2,305.21 1 1
aurago/internal/memory/emotion_synthesizer.go:305.21,307.3 1 1
aurago/internal/memory/emotion_synthesizer.go:308.2,308.34 1 1
aurago/internal/memory/emotion_synthesizer.go:311.59,312.46 1 1
aurago/internal/memory/emotion_synthesizer.go:312.46,314.3 1 1
aurago/internal/memory/emotion_synthesizer.go:315.2,315.28 1 1
aurago/internal/memory/emotion_synthesizer.go:315.28,317.3 1 0
aurago/internal/memory/emotion_synthesizer.go:318.2,325.38 3 1
aurago/internal/memory/emotion_synthesizer.go:325.38,326.39 1 1
aurago/internal/memory/emotion_synthesizer.go:326.39,328.4 1 1
aurago/internal/memory/emotion_synthesizer.go:330.2,330.12 1 1
aurago/internal/memory/emotion_synthesizer.go:333.63,334.39 1 1
aurago/internal/memory/emotion_synthesizer.go:334.39,336.3 1 0
aurago/internal/memory/emotion_synthesizer.go:337.2,337.13 1 1
aurago/internal/memory/emotion_synthesizer.go:337.13,339.3 1 0
aurago/internal/memory/emotion_synthesizer.go:340.2,340.13 1 1
aurago/internal/memory/emotion_synthesizer.go:340.13,342.3 1 0
aurago/internal/memory/emotion_synthesizer.go:343.2,343.10 1 1
aurago/internal/memory/emotion_synthesizer.go:346.56,349.2 2 1
aurago/internal/memory/emotion_synthesizer.go:351.62,355.2 3 1
aurago/internal/memory/emotion_synthesizer.go:357.90,362.65 4 1
aurago/internal/memory/emotion_synthesizer.go:362.65,374.87 2 1
aurago/internal/memory/emotion_synthesizer.go:374.87,375.16 1 1
aurago/internal/memory/emotion_synthesizer.go:376.91,377.29 1 1
aurago/internal/memory/emotion_synthesizer.go:380.3,380.53 1 1
aurago/internal/memory/emotion_synthesizer.go:380.53,382.4 1 0
aurago/internal/memory/emotion_synthesizer.go:383.3,383.20 1 1
aurago/internal/memory/emotion_synthesizer.go:387.2,397.52 3 1
aurago/internal/memory/emotion_synthesizer.go:397.52,399.3 1 0
aurago/internal/memory/emotion_synthesizer.go:400.2,400.19 1 1
aurago/internal/memory/emotion_synthesizer.go:403.54,404.18 1 1
aurago/internal/memory/emotion_synthesizer.go:404.18,406.3 1 0
aurago/internal/memory/emotion_synthesizer.go:407.2,407.70 1 1
aurago/internal/memory/emotion_synthesizer.go:407.70,409.3 1 0
aurago/internal/memory/emotion_synthesizer.go:410.2,416.24 7 1
aurago/internal/memory/emotion_synthesizer.go:416.24,418.3 1 0
aurago/internal/memory/emotion_synthesizer.go:419.2,419.29 1 1
aurago/internal/memory/emotion_synthesizer.go:419.29,421.3 1 0
aurago/internal/memory/emotion_synthesizer.go:422.2,422.12 1 1
aurago/internal/memory/emotion_synthesizer.go:426.25,428.9 2 1
aurago/internal/memory/emotion_synthesizer.go:429.16,430.17 1 0
aurago/internal/memory/emotion_synthesizer.go:431.17,432.19 1 0
aurago/internal/memory/emotion_synthesizer.go:433.17,434.21 1 0
aurago/internal/memory/emotion_synthesizer.go:435.10,436.19 1 1
aurago/internal/memory/emotion_synthesizer.go:463.50,465.16 2 1
aurago/internal/memory/emotion_synthesizer.go:465.16,467.3 1 0
aurago/internal/memory/emotion_synthesizer.go:468.2,480.33 2 1
aurago/internal/memory/emotion_synthesizer.go:480.33,482.149 2 1
aurago/internal/memory/emotion_synthesizer.go:482.149,484.4 1 0
aurago/internal/memory/emotion_synthesizer.go:485.3,485.16 1 1
aurago/internal/memory/emotion_synthesizer.go:485.16,486.12 1 1
aurago/internal/memory/emotion_synthesizer.go:488.3,488.118 1 0
aurago/internal/memory/emotion_synthesizer.go:488.118,490.4 1 0
aurago/internal/memory/emotion_synthesizer.go:492.2,492.12 1 1
aurago/internal/memory/emotion_synthesizer.go:496.100,505.2 1 1
aurago/internal/memory/emotion_synthesizer.go:508.99,509.53 1 1
aurago/internal/memory/emotion_synthesizer.go:509.53,511.3 1 0
aurago/internal/memory/emotion_synthesizer.go:512.2,528.12 2 1
aurago/internal/memory/emotion_synthesizer.go:548.84,549.16 1 1
aurago/internal/memory/emotion_synthesizer.go:549.16,551.3 1 0
aurago/internal/memory/emotion_synthesizer.go:552.2,561.16 2 1
aurago/internal/memory/emotion_synthesizer.go:561.16,563.3 1 0
aurago/internal/memory/emotion_synthesizer.go:564.2,567.18 3 1
aurago/internal/memory/emotion_synthesizer.go:567.18,582.17 2 1
aurago/internal/memory/emotion_synthesizer.go:582.17,584.4 1 0
aurago/internal/memory/emotion_synthesizer.go:585.3,585.31 1 1
aurago/internal/memory/emotion_synthesizer.go:587.2,587.21 1 1
aurago/internal/memory/emotion_synthesizer.go:591.73,612.16 3 1
aurago/internal/memory/emotion_synthesizer.go:612.16,613.27 1 1
aurago/internal/memory/emotion_synthesizer.go:613.27,615.4 1 1
aurago/internal/memory/emotion_synthesizer.go:616.3,616.18 1 0
aurago/internal/memory/emotion_synthesizer.go:618.2,618.16 1 1
aurago/internal/memory/emotion_synthesizer.go:622.93,623.21 1 1
aurago/internal/memory/emotion_synthesizer.go:623.21,625.3 1 0
aurago/internal/memory/emotion_synthesizer.go:626.2,626.21 1 1
aurago/internal/memory/emotion_synthesizer.go:626.21,628.3 1 0
aurago/internal/memory/emotion_synthesizer.go:631.2,635.16 2 1
aurago/internal/memory/emotion_synthesizer.go:635.16,637.3 1 0
aurago/internal/memory/emotion_synthesizer.go:638.2,646.16 3 1
aurago/internal/memory/emotion_synthesizer.go:646.16,648.3 1 0
aurago/internal/memory/emotion_synthesizer.go:649.2,651.36 2 1
aurago/internal/memory/error_learning.go:22.43,28.2 5 1
aurago/internal/memory/error_learning.go:42.55,55.45 2 1
aurago/internal/memory/error_learning.go:55.45,57.3 1 0
aurago/internal/memory/error_learning.go:58.2,58.12 1 1
aurago/internal/memory/error_learning.go:64.69,65.38 1 1
aurago/internal/memory/error_learning.go:65.38,67.3 1 0
aurago/internal/memory/error_learning.go:69.2,70.55 2 1
aurago/internal/memory/error_learning.go:70.55,72.3 1 0
aurago/internal/memory/error_learning.go:73.2,84.16 5 1
aurago/internal/memory/error_learning.go:84.16,91.3 2 1
aurago/internal/memory/error_learning.go:94.2,98.12 2 1
aurago/internal/memory/error_learning.go:102.86,109.2 3 1
aurago/internal/memory/error_learning.go:112.94,113.30 1 1
aurago/internal/memory/error_learning.go:113.30,115.3 1 0
aurago/internal/memory/error_learning.go:117.2,119.20 3 1
aurago/internal/memory/error_learning.go:119.20,123.3 2 1
aurago/internal/memory/error_learning.go:123.8,127.3 2 0
aurago/internal/memory/error_learning.go:129.2,130.16 2 1
aurago/internal/memory/error_learning.go:130.16,132.3 1 0
aurago/internal/memory/error_learning.go:133.2,136.18 3 1
aurago/internal/memory/error_learning.go:136.18,138.134 2 1
aurago/internal/memory/error_learning.go:138.134,140.4 1 0
aurago/internal/memory/error_learning.go:141.3,141.33 1 1
aurago/internal/memory/error_learning.go:143.2,143.29 1 1
aurago/internal/memory/error_learning.go:147.75,148.30 1 0
aurago/internal/memory/error_learning.go:148.30,150.3 1 0
aurago/internal/memory/error_learning.go:152.2,156.16 2 0
aurago/internal/memory/error_learning.go:156.16,158.3 1 0
aurago/internal/memory/error_learning.go:159.2,162.18 3 0
aurago/internal/memory/error_learning.go:162.18,164.134 2 0
aurago/internal/memory/error_learning.go:164.134,166.4 1 0
aurago/internal/memory/error_learning.go:167.3,167.33 1 0
aurago/internal/memory/error_learning.go:169.2,169.29 1 0
aurago/internal/memory/error_learning.go:173.89,180.16 4 1
aurago/internal/memory/error_learning.go:180.16,182.3 1 0
aurago/internal/memory/error_learning.go:183.2,183.24 1 1
aurago/internal/memory/error_learning.go:187.61,190.16 3 0
aurago/internal/memory/error_learning.go:190.16,192.3 1 0
aurago/internal/memory/error_learning.go:193.2,193.19 1 0
aurago/internal/memory/graph_sqlite.go:43.109,45.16 2 1
aurago/internal/memory/graph_sqlite.go:45.16,47.3 1 0
aurago/internal/memory/graph_sqlite.go:50.2,59.40 4 1
aurago/internal/memory/graph_sqlite.go:59.40,62.46 3 0
aurago/internal/memory/graph_sqlite.go:62.46,64.4 1 0
aurago/internal/memory/graph_sqlite.go:65.3,65.65 1 0
aurago/internal/memory/graph_sqlite.go:69.2,69.27 1 1
aurago/internal/memory/graph_sqlite.go:69.27,71.3 1 1
aurago/internal/memory/graph_sqlite.go:73.2,73.16 1 1
aurago/internal/memory/graph_sqlite.go:77.41,79.25 2 1
aurago/internal/memory/graph_sqlite.go:79.25,83.3 3 1
aurago/internal/memory/graph_sqlite.go:84.2,84.12 1 1
aurago/internal/memory/graph_sqlite.go:89.46,90.6 1 1
aurago/internal/memory/graph_sqlite.go:90.6,91.10 1 1
aurago/internal/memory/graph_sqlite.go:92.25,92.25 0 0
aurago/internal/memory/graph_sqlite.go:94.11,95.10 1 1
aurago/internal/memory/graph_sqlite.go:103.47,104.6 1 1
aurago/internal/memory/graph_sqlite.go:104.6,105.10 1 1
aurago/internal/memory/graph_sqlite.go:106.22,107.10 1 1
aurago/internal/memory/graph_sqlite.go:108.35,109.11 1 1
aurago/internal/memory/graph_sqlite.go:109.11,111.5 1 0
aurago/internal/memory/graph_sqlite.go:112.4,112.120 1 1
aurago/internal/memory/graph_sqlite.go:112.120,114.5 1 1
aurago/internal/memory/graph_sqlite.go:119.46,146.46 2 1
aurago/internal/memory/graph_sqlite.go:146.46,148.3 1 0
aurago/internal/memory/graph_sqlite.go:152.2,155.43 2 1
aurago/internal/memory/graph_sqlite.go:155.43,157.3 1 0
aurago/internal/memory/graph_sqlite.go:160.2,176.29 2 1
aurago/internal/memory/graph_sqlite.go:176.29,177.42 1 1
aurago/internal/memory/graph_sqlite.go:177.42,179.4 1 0
aurago/internal/memory/graph_sqlite.go:182.2,182.12 1 1
aurago/internal/memory/graph_sqlite.go:186.60,188.16 2 1
aurago/internal/memory/graph_sqlite.go:188.16,190.3 1 0
aurago/internal/memory/graph_sqlite.go:192.2,193.34 2 1
aurago/internal/memory/graph_sqlite.go:193.34,196.3 2 0
aurago/internal/memory/graph_sqlite.go:197.2,203.53 3 1
aurago/internal/memory/graph_sqlite.go:203.53,206.3 2 0
aurago/internal/memory/graph_sqlite.go:208.2,209.16 2 1
aurago/internal/memory/graph_sqlite.go:209.16,212.3 2 0
aurago/internal/memory/graph_sqlite.go:213.2,216.32 3 1
aurago/internal/memory/graph_sqlite.go:216.32,217.17 1 1
aurago/internal/memory/graph_sqlite.go:217.17,218.12 1 0
aurago/internal/memory/graph_sqlite.go:220.3,222.55 3 1
aurago/internal/memory/graph_sqlite.go:222.55,224.4 1 0
aurago/internal/memory/graph_sqlite.go:225.3,226.42 2 1
aurago/internal/memory/graph_sqlite.go:226.42,228.4 1 0
aurago/internal/memory/graph_sqlite.go:229.3,233.17 2 1
aurago/internal/memory/graph_sqlite.go:233.17,235.4 1 1
aurago/internal/memory/graph_sqlite.go:237.2,237.32 1 1
aurago/internal/memory/graph_sqlite.go:237.32,242.17 2 1
aurago/internal/memory/graph_sqlite.go:242.17,244.4 1 0
aurago/internal/memory/graph_sqlite.go:247.2,247.36 1 1
aurago/internal/memory/graph_sqlite.go:247.36,250.3 2 0
aurago/internal/memory/graph_sqlite.go:252.2,252.78 1 1
aurago/internal/memory/graph_sqlite.go:252.78,254.3 1 0
aurago/internal/memory/graph_sqlite.go:255.2,255.100 1 1
aurago/internal/memory/graph_sqlite.go:259.69,260.93 1 1
aurago/internal/memory/graph_sqlite.go:260.93,263.3 2 0
aurago/internal/memory/graph_sqlite.go:264.2,264.93 1 1
aurago/internal/memory/graph_sqlite.go:264.93,267.3 2 0
aurago/internal/memory/graph_sqlite.go:268.2,268.26 1 1
aurago/internal/memory/graph_sqlite.go:272.89,273.23 1 1
aurago/internal/memory/graph_sqlite.go:273.23,275.3 1 1
aurago/internal/memory/graph_sqlite.go:278.2,278.31 1 1
aurago/internal/memory/graph_sqlite.go:278.31,279.18 1 1
aurago/internal/memory/graph_sqlite.go:279.18,281.4 1 0
aurago/internal/memory/graph_sqlite.go:284.2,285.16 2 1
aurago/internal/memory/graph_sqlite.go:285.16,287.3 1 0
aurago/internal/memory/graph_sqlite.go:289.2,290.39 2 1
aurago/internal/memory/graph_sqlite.go:290.39,292.3 1 1
aurago/internal/memory/graph_sqlite.go:294.2,303.16 2 1
aurago/internal/memory/graph_sqlite.go:303.16,305.3 1 0
aurago/internal/memory/graph_sqlite.go:306.2,306.12 1 1
aurago/internal/memory/graph_sqlite.go:310.104,311.23 1 1
aurago/internal/memory/graph_sqlite.go:311.23,313.3 1 1
aurago/internal/memory/graph_sqlite.go:316.2,316.31 1 1
aurago/internal/memory/graph_sqlite.go:316.31,317.18 1 1
aurago/internal/memory/graph_sqlite.go:317.18,319.4 1 0
aurago/internal/memory/graph_sqlite.go:322.2,323.16 2 1
aurago/internal/memory/graph_sqlite.go:323.16,325.3 1 0
aurago/internal/memory/graph_sqlite.go:326.2,329.46 2 1
aurago/internal/memory/graph_sqlite.go:329.46,331.3 1 1
aurago/internal/memory/graph_sqlite.go:333.2,340.16 3 1
aurago/internal/memory/graph_sqlite.go:340.16,342.3 1 0
aurago/internal/memory/graph_sqlite.go:344.2,344.20 1 1
aurago/internal/memory/graph_sqlite.go:350.55,351.17 1 1
aurago/internal/memory/graph_sqlite.go:351.17,353.3 1 0
aurago/internal/memory/graph_sqlite.go:355.2,371.16 7 1
aurago/internal/memory/graph_sqlite.go:371.16,372.19 1 1
aurago/internal/memory/graph_sqlite.go:372.19,375.65 3 1
aurago/internal/memory/graph_sqlite.go:375.65,377.28 2 1
aurago/internal/memory/graph_sqlite.go:377.28,379.6 1 0
aurago/internal/memory/graph_sqlite.go:380.5,381.50 2 1
aurago/internal/memory/graph_sqlite.go:384.3,384.15 1 1
aurago/internal/memory/graph_sqlite.go:388.2,394.16 3 1
aurago/internal/memory/graph_sqlite.go:394.16,395.23 1 1
aurago/internal/memory/graph_sqlite.go:395.23,398.87 3 1
aurago/internal/memory/graph_sqlite.go:398.87,400.28 2 1
aurago/internal/memory/graph_sqlite.go:400.28,402.6 1 0
aurago/internal/memory/graph_sqlite.go:403.5,403.43 1 1
aurago/internal/memory/graph_sqlite.go:406.3,406.19 1 1
aurago/internal/memory/graph_sqlite.go:409.2,409.54 1 1
aurago/internal/memory/graph_sqlite.go:409.54,411.3 1 1
aurago/internal/memory/graph_sqlite.go:413.2,420.36 3 1
aurago/internal/memory/graph_sqlite.go:420.36,421.10 1 1
aurago/internal/memory/graph_sqlite.go:422.29,422.29 0 1
aurago/internal/memory/graph_sqlite.go:423.11,424.70 1 0
aurago/internal/memory/graph_sqlite.go:428.2,428.21 1 1
aurago/internal/memory/graph_sqlite.go:432.83,433.16 1 1
aurago/internal/memory/graph_sqlite.go:433.16,435.3 1 0
aurago/internal/memory/graph_sqlite.go:437.2,443.16 3 1
aurago/internal/memory/graph_sqlite.go:443.16,445.3 1 0
aurago/internal/memory/graph_sqlite.go:446.2,449.18 3 1
aurago/internal/memory/graph_sqlite.go:449.18,452.82 3 1
aurago/internal/memory/graph_sqlite.go:452.82,454.27 2 1
aurago/internal/memory/graph_sqlite.go:454.27,456.5 1 0
aurago/internal/memory/graph_sqlite.go:457.4,458.26 2 1
aurago/internal/memory/graph_sqlite.go:458.26,460.5 1 1
aurago/internal/memory/graph_sqlite.go:461.4,461.26 1 1
aurago/internal/memory/graph_sqlite.go:461.26,463.5 1 1
aurago/internal/memory/graph_sqlite.go:468.2,469.30 2 1
aurago/internal/memory/graph_sqlite.go:469.30,473.17 4 1
aurago/internal/memory/graph_sqlite.go:473.17,475.27 2 1
aurago/internal/memory/graph_sqlite.go:475.27,477.5 1 0
aurago/internal/memory/graph_sqlite.go:478.4,478.28 1 1
aurago/internal/memory/graph_sqlite.go:482.2,482.21 1 1
aurago/internal/memory/graph_sqlite.go:488.93,489.34 1 1
aurago/internal/memory/graph_sqlite.go:489.34,491.3 1 0
aurago/internal/memory/graph_sqlite.go:492.2,492.19 1 1
aurago/internal/memory/graph_sqlite.go:492.19,494.3 1 0
aurago/internal/memory/graph_sqlite.go:497.2,505.16 4 1
aurago/internal/memory/graph_sqlite.go:505.16,506.19 1 1
aurago/internal/memory/graph_sqlite.go:506.19,508.29 2 1
aurago/internal/memory/graph_sqlite.go:508.29,510.5 1 1
aurago/internal/memory/graph_sqlite.go:512.3,512.15 1 1
aurago/internal/memory/graph_sqlite.go:516.2,516.23 1 1
aurago/internal/memory/graph_sqlite.go:516.23,524.17 3 0
aurago/internal/memory/graph_sqlite.go:524.17,525.20 1 0
aurago/internal/memory/graph_sqlite.go:525.20,527.30 2 0
aurago/internal/memory/graph_sqlite.go:527.30,529.6 1 0
aurago/internal/memory/graph_sqlite.go:531.4,531.16 1 0
aurago/internal/memory/graph_sqlite.go:535.2,535.23 1 1
aurago/internal/memory/graph_sqlite.go:535.23,537.3 1 0
aurago/internal/memory/graph_sqlite.go:540.2,541.30 2 1
aurago/internal/memory/graph_sqlite.go:541.30,544.17 3 1
aurago/internal/memory/graph_sqlite.go:544.17,545.12 1 0
aurago/internal/memory/graph_sqlite.go:548.3,553.27 4 1
aurago/internal/memory/graph_sqlite.go:553.27,554.47 1 1
aurago/internal/memory/graph_sqlite.go:554.47,555.13 1 0
aurago/internal/memory/graph_sqlite.go:557.4,557.50 1 1
aurago/internal/memory/graph_sqlite.go:559.3,567.17 3 1
aurago/internal/memory/graph_sqlite.go:567.17,568.24 1 1
aurago/internal/memory/graph_sqlite.go:568.24,570.47 2 1
aurago/internal/memory/graph_sqlite.go:570.47,572.6 1 1
aurago/internal/memory/graph_sqlite.go:574.4,574.20 1 1
aurago/internal/memory/graph_sqlite.go:577.3,577.26 1 1
aurago/internal/memory/graph_sqlite.go:577.26,578.9 1 0
aurago/internal/memory/graph_sqlite.go:582.2,583.28 2 1
aurago/internal/memory/graph_sqlite.go:583.28,585.3 1 0
aurago/internal/memory/graph_sqlite.go:586.2,586.15 1 1
aurago/internal/memory/graph_sqlite.go:590.55,592.16 2 1
aurago/internal/memory/graph_sqlite.go:592.16,594.3 1 0
aurago/internal/memory/graph_sqlite.go:595.2,600.20 4 1
aurago/internal/memory/graph_sqlite.go:604.77,607.16 2 1
aurago/internal/memory/graph_sqlite.go:607.16,609.3 1 0
aurago/internal/memory/graph_sqlite.go:610.2,610.12 1 1
aurago/internal/memory/graph_sqlite.go:615.69,623.16 2 1
aurago/internal/memory/graph_sqlite.go:623.16,625.3 1 0
aurago/internal/memory/graph_sqlite.go:627.2,628.18 2 1
aurago/internal/memory/graph_sqlite.go:628.18,631.63 3 1
aurago/internal/memory/graph_sqlite.go:631.63,633.28 2 1
aurago/internal/memory/graph_sqlite.go:633.28,635.5 1 1
aurago/internal/memory/graph_sqlite.go:638.2,640.24 2 1
aurago/internal/memory/graph_sqlite.go:640.24,642.3 1 0
aurago/internal/memory/graph_sqlite.go:644.2,645.16 2 1
aurago/internal/memory/graph_sqlite.go:645.16,647.3 1 0
aurago/internal/memory/graph_sqlite.go:648.2,650.30 2 1
aurago/internal/memory/graph_sqlite.go:650.30,653.3 2 1
aurago/internal/memory/graph_sqlite.go:655.2,655.36 1 1
aurago/internal/memory/graph_sqlite.go:655.36,657.3 1 0
aurago/internal/memory/graph_sqlite.go:658.2,658.27 1 1
aurago/internal/memory/graph_sqlite.go:662.66,663.16 1 1
aurago/internal/memory/graph_sqlite.go:663.16,665.3 1 0
aurago/internal/memory/graph_sqlite.go:666.2,667.16 2 1
aurago/internal/memory/graph_sqlite.go:667.16,669.3 1 0
aurago/internal/memory/graph_sqlite.go:670.2,673.18 3 1
aurago/internal/memory/graph_sqlite.go:673.18,676.64 3 1
aurago/internal/memory/graph_sqlite.go:676.64,678.27 2 1
aurago/internal/memory/graph_sqlite.go:678.27,680.5 1 0
aurago/internal/memory/graph_sqlite.go:681.4,681.28 1 1
aurago/internal/memory/graph_sqlite.go:684.2,684.19 1 1
aurago/internal/memory/graph_sqlite.go:688.66,689.16 1 1
aurago/internal/memory/graph_sqlite.go:689.16,691.3 1 0
aurago/internal/memory/graph_sqlite.go:692.2,693.16 2 1
aurago/internal/memory/graph_sqlite.go:693.16,695.3 1 0
aurago/internal/memory/graph_sqlite.go:696.2,699.18 3 1
aurago/internal/memory/graph_sqlite.go:699.18,702.82 3 1
aurago/internal/memory/graph_sqlite.go:702.82,704.27 2 1
aurago/internal/memory/graph_sqlite.go:704.27,706.5 1 0
aurago/internal/memory/graph_sqlite.go:707.4,707.28 1 1
aurago/internal/memory/graph_sqlite.go:710.2,710.19 1 1
aurago/internal/memory/graph_sqlite.go:715.77,717.16 2 1
aurago/internal/memory/graph_sqlite.go:717.16,719.3 1 0
aurago/internal/memory/graph_sqlite.go:720.2,723.26 3 1
aurago/internal/memory/graph_sqlite.go:723.26,724.17 1 1
aurago/internal/memory/graph_sqlite.go:724.17,725.12 1 0
aurago/internal/memory/graph_sqlite.go:727.3,727.26 1 1
aurago/internal/memory/graph_sqlite.go:727.26,729.4 1 0
aurago/internal/memory/graph_sqlite.go:730.3,732.42 3 1
aurago/internal/memory/graph_sqlite.go:732.42,734.4 1 0
aurago/internal/memory/graph_sqlite.go:735.3,743.62 1 1
aurago/internal/memory/graph_sqlite.go:746.2,746.26 1 1
aurago/internal/memory/graph_sqlite.go:746.26,748.51 1 1
aurago/internal/memory/graph_sqlite.go:748.51,750.4 1 1
aurago/internal/memory/graph_sqlite.go:751.3,751.26 1 1
aurago/internal/memory/graph_sqlite.go:751.26,753.4 1 1
aurago/internal/memory/graph_sqlite.go:754.3,760.56 2 1
aurago/internal/memory/graph_sqlite.go:763.2,763.20 1 1
aurago/internal/memory/graph_sqlite.go:768.38,770.21 2 1
aurago/internal/memory/graph_sqlite.go:770.21,772.3 1 0
aurago/internal/memory/graph_sqlite.go:773.2,774.26 2 1
aurago/internal/memory/graph_sqlite.go:774.26,777.14 2 1
aurago/internal/memory/graph_sqlite.go:777.14,779.4 1 1
aurago/internal/memory/graph_sqlite.go:781.2,781.23 1 1
aurago/internal/memory/graph_sqlite.go:781.23,783.3 1 0
aurago/internal/memory/graph_sqlite.go:784.2,784.38 1 1
aurago/internal/memory/health.go:63.100,64.21 1 0
aurago/internal/memory/health.go:64.21,66.3 1 0
aurago/internal/memory/health.go:67.2,67.19 1 0
aurago/internal/memory/health.go:67.19,69.3 1 0
aurago/internal/memory/health.go:71.2,91.16 4 0
aurago/internal/memory/health.go:91.16,93.3 1 0
aurago/internal/memory/health.go:95.2,105.16 2 0
aurago/internal/memory/health.go:105.16,107.3 1 0
aurago/internal/memory/health.go:108.2,110.18 2 0
aurago/internal/memory/health.go:110.18,113.130 3 0
aurago/internal/memory/health.go:113.130,115.4 1 0
aurago/internal/memory/health.go:116.3,117.50 2 0
aurago/internal/memory/health.go:119.2,119.26 1 0
aurago/internal/memory/health.go:123.93,130.2 2 1
aurago/internal/memory/health.go:132.75,134.29 2 1
aurago/internal/memory/health.go:134.29,135.70 1 1
aurago/internal/memory/health.go:136.20,137.21 1 1
aurago/internal/memory/health.go:138.23,139.24 1 1
aurago/internal/memory/health.go:140.11,141.22 1 1
aurago/internal/memory/health.go:144.3,145.22 2 1
aurago/internal/memory/health.go:145.22,147.4 1 0
aurago/internal/memory/health.go:149.3,149.10 1 1
aurago/internal/memory/health.go:150.26,151.26 1 1
aurago/internal/memory/health.go:152.27,153.28 1 1
aurago/internal/memory/health.go:154.11,155.25 1 1
aurago/internal/memory/health.go:158.2,158.14 1 1
aurago/internal/memory/health.go:166.95,170.29 3 1
aurago/internal/memory/health.go:170.29,173.22 3 1
aurago/internal/memory/health.go:173.22,175.4 1 0
aurago/internal/memory/health.go:176.3,177.23 2 1
aurago/internal/memory/health.go:177.23,179.4 1 0
aurago/internal/memory/health.go:182.3,182.45 1 1
aurago/internal/memory/health.go:182.45,184.4 1 1
aurago/internal/memory/health.go:187.3,187.31 1 1
aurago/internal/memory/health.go:187.31,189.4 1 1
aurago/internal/memory/health.go:192.3,192.24 1 1
aurago/internal/memory/health.go:192.24,194.4 1 1
aurago/internal/memory/health.go:197.3,198.28 2 1
aurago/internal/memory/health.go:198.28,200.73 2 1
aurago/internal/memory/health.go:200.73,206.5 2 1
aurago/internal/memory/health.go:211.2,211.39 1 1
aurago/internal/memory/health.go:211.39,212.22 1 1
aurago/internal/memory/health.go:212.22,215.4 2 1
aurago/internal/memory/health.go:219.2,219.40 1 1
aurago/internal/memory/health.go:219.40,220.39 1 1
aurago/internal/memory/health.go:220.39,222.4 1 0
aurago/internal/memory/health.go:223.3,223.41 1 1
aurago/internal/memory/health.go:227.2,227.29 1 1
aurago/internal/memory/health.go:227.29,228.13 1 1
aurago/internal/memory/health.go:228.13,229.9 1 0
aurago/internal/memory/health.go:231.3,231.56 1 1
aurago/internal/memory/health.go:235.2,235.32 1 1
aurago/internal/memory/health.go:235.32,238.3 1 1
aurago/internal/memory/health.go:239.2,239.36 1 1
aurago/internal/memory/health.go:239.36,242.3 1 1
aurago/internal/memory/health.go:243.2,243.31 1 1
aurago/internal/memory/health.go:243.31,246.3 1 1
aurago/internal/memory/health.go:247.2,247.33 1 1
aurago/internal/memory/health.go:247.33,250.3 1 1
aurago/internal/memory/health.go:251.2,251.34 1 1
aurago/internal/memory/health.go:251.34,254.3 1 0
aurago/internal/memory/health.go:256.2,256.15 1 1
aurago/internal/memory/health.go:259.50,261.17 2 1
aurago/internal/memory/health.go:261.17,263.3 1 0
aurago/internal/memory/health.go:264.2,269.33 2 1
aurago/internal/memory/health.go:269.33,270.59 1 1
aurago/internal/memory/health.go:270.59,272.4 1 1
aurago/internal/memory/health.go:274.2,274.20 1 0
aurago/internal/memory/history.go:37.57,50.2 4 0
aurago/internal/memory/history.go:54.51,61.2 1 0
aurago/internal/memory/history.go:63.45,64.6 1 0
aurago/internal/memory/history.go:64.6,65.10 1 0
aurago/internal/memory/history.go:66.22,67.10 1 0
aurago/internal/memory/history.go:68.31,69.11 1 0
aurago/internal/memory/history.go:69.11,71.5 1 0
aurago/internal/memory/history.go:72.4,72.13 1 0
aurago/internal/memory/history.go:78.35,79.25 1 0
aurago/internal/memory/history.go:79.25,82.3 2 0
aurago/internal/memory/history.go:85.34,86.19 1 0
aurago/internal/memory/history.go:86.19,88.3 1 0
aurago/internal/memory/history.go:89.2,92.16 4 0
aurago/internal/memory/history.go:92.16,93.26 1 0
aurago/internal/memory/history.go:93.26,95.4 1 0
aurago/internal/memory/history.go:96.3,96.9 1 0
aurago/internal/memory/history.go:98.2,98.20 1 0
aurago/internal/memory/history.go:98.20,101.3 1 0
aurago/internal/memory/history.go:102.2,102.49 1 0
aurago/internal/memory/history.go:102.49,106.3 3 0
aurago/internal/memory/history.go:109.41,110.9 1 0
aurago/internal/memory/history.go:111.33,111.33 0 0
aurago/internal/memory/history.go:112.10,112.10 0 0
aurago/internal/memory/history.go:117.40,118.19 1 0
aurago/internal/memory/history.go:118.19,120.3 1 0
aurago/internal/memory/history.go:121.2,131.16 6 0
aurago/internal/memory/history.go:131.16,133.3 1 0
aurago/internal/memory/history.go:138.2,138.42 1 0
aurago/internal/memory/history.go:141.99,154.62 3 0
aurago/internal/memory/history.go:154.62,156.3 1 0
aurago/internal/memory/history.go:157.2,160.12 3 0
aurago/internal/memory/history.go:165.49,167.35 2 0
aurago/internal/memory/history.go:167.35,169.3 1 0
aurago/internal/memory/history.go:170.2,173.32 4 0
aurago/internal/memory/history.go:173.32,174.38 1 0
aurago/internal/memory/history.go:174.38,176.12 2 0
aurago/internal/memory/history.go:178.3,178.29 1 0
aurago/internal/memory/history.go:180.2,180.22 1 0
aurago/internal/memory/history.go:183.66,186.29 3 0
aurago/internal/memory/history.go:186.29,187.30 1 0
aurago/internal/memory/history.go:187.30,190.9 3 0
aurago/internal/memory/history.go:193.2,195.12 2 0
aurago/internal/memory/history.go:195.12,197.3 1 0
aurago/internal/memory/history.go:199.2,200.12 2 0
aurago/internal/memory/history.go:203.64,208.32 4 0
aurago/internal/memory/history.go:208.32,210.3 1 0
aurago/internal/memory/history.go:211.2,211.15 1 0
aurago/internal/memory/history.go:214.53,221.2 5 0
aurago/internal/memory/history.go:223.47,227.2 3 0
aurago/internal/memory/history.go:229.60,236.2 5 0
aurago/internal/memory/history.go:238.51,240.27 2 0
aurago/internal/memory/history.go:240.27,242.3 1 0
aurago/internal/memory/history.go:242.8,244.3 1 0
aurago/internal/memory/history.go:245.2,248.12 3 0
aurago/internal/memory/history.go:251.41,259.2 6 0
aurago/internal/memory/history.go:262.44,266.32 4 1
aurago/internal/memory/history.go:266.32,268.3 1 1
aurago/internal/memory/history.go:269.2,269.14 1 1
aurago/internal/memory/history.go:274.96,281.32 5 1
aurago/internal/memory/history.go:281.32,282.15 1 1
aurago/internal/memory/history.go:282.15,283.12 1 1
aurago/internal/memory/history.go:285.3,285.34 1 1
aurago/internal/memory/history.go:285.34,286.9 1 1
aurago/internal/memory/history.go:288.3,289.33 2 1
aurago/internal/memory/history.go:292.2,292.33 1 1
aurago/internal/memory/history.go:296.53,297.19 1 0
aurago/internal/memory/history.go:297.19,299.3 1 0
aurago/internal/memory/history.go:300.2,304.25 4 0
aurago/internal/memory/history.go:304.25,306.3 1 0
aurago/internal/memory/history.go:308.2,310.32 3 0
aurago/internal/memory/history.go:310.32,311.18 1 0
aurago/internal/memory/history.go:311.18,313.12 2 0
aurago/internal/memory/history.go:315.3,315.35 1 0
aurago/internal/memory/history.go:317.2,318.17 2 0
aurago/internal/memory/history.go:318.17,320.3 1 0
aurago/internal/memory/history.go:324.50,328.32 4 0
aurago/internal/memory/history.go:328.32,329.15 1 0
aurago/internal/memory/history.go:329.15,331.4 1 0
aurago/internal/memory/history.go:333.2,333.14 1 0
aurago/internal/memory/history.go:340.63,343.22 3 0
aurago/internal/memory/history.go:343.22,345.3 1 0
aurago/internal/memory/history.go:346.2,347.22 2 0
aurago/internal/memory/history.go:347.22,351.3 3 0
aurago/internal/memory/journal.go:62.50,112.45 2 1
aurago/internal/memory/journal.go:112.45,114.3 1 0
aurago/internal/memory/journal.go:116.2,124.4 1 1
aurago/internal/memory/journal.go:124.4,127.17 3 1
aurago/internal/memory/journal.go:127.17,129.4 1 0
aurago/internal/memory/journal.go:130.3,130.17 1 1
aurago/internal/memory/journal.go:130.17,131.121 1 0
aurago/internal/memory/journal.go:131.121,133.5 1 0
aurago/internal/memory/journal.go:137.2,137.12 1 1
aurago/internal/memory/journal.go:141.67,142.32 1 0
aurago/internal/memory/journal.go:142.32,144.3 1 0
aurago/internal/memory/journal.go:145.2,152.16 2 0
aurago/internal/memory/journal.go:152.16,154.3 1 0
aurago/internal/memory/journal.go:155.2,155.12 1 0
aurago/internal/memory/journal.go:159.73,160.16 1 0
aurago/internal/memory/journal.go:160.16,162.3 1 0
aurago/internal/memory/journal.go:163.2,164.16 2 0
aurago/internal/memory/journal.go:164.16,166.3 1 0
aurago/internal/memory/journal.go:167.2,170.18 3 0
aurago/internal/memory/journal.go:170.18,172.51 2 0
aurago/internal/memory/journal.go:172.51,174.4 1 0
aurago/internal/memory/journal.go:175.3,175.57 1 0
aurago/internal/memory/journal.go:177.2,177.24 1 0
aurago/internal/memory/journal.go:181.143,183.2 1 1
aurago/internal/memory/journal.go:186.182,187.21 1 1
aurago/internal/memory/journal.go:187.21,189.3 1 0
aurago/internal/memory/journal.go:190.2,190.34 1 1
aurago/internal/memory/journal.go:190.34,192.3 1 0
aurago/internal/memory/journal.go:193.2,193.38 1 1
aurago/internal/memory/journal.go:193.38,195.3 1 0
aurago/internal/memory/journal.go:196.2,196.18 1 1
aurago/internal/memory/journal.go:196.18,198.3 1 0
aurago/internal/memory/journal.go:199.2,202.31 4 1
aurago/internal/memory/journal.go:202.31,204.3 1 0
aurago/internal/memory/journal.go:205.2,205.32 1 1
aurago/internal/memory/journal.go:205.32,207.3 1 0
aurago/internal/memory/journal.go:208.2,215.16 2 1
aurago/internal/memory/journal.go:215.16,217.3 1 0
aurago/internal/memory/journal.go:218.2,218.12 1 1
aurago/internal/memory/journal.go:222.96,224.16 2 0
aurago/internal/memory/journal.go:224.16,226.3 1 0
aurago/internal/memory/journal.go:227.2,228.29 2 0
aurago/internal/memory/journal.go:228.29,230.3 1 0
aurago/internal/memory/journal.go:231.2,231.17 1 0
aurago/internal/memory/journal.go:235.107,236.22 1 1
aurago/internal/memory/journal.go:236.22,238.3 1 0
aurago/internal/memory/journal.go:239.2,239.16 1 1
aurago/internal/memory/journal.go:239.16,241.3 1 0
aurago/internal/memory/journal.go:242.2,249.16 2 1
aurago/internal/memory/journal.go:249.16,251.3 1 0
aurago/internal/memory/journal.go:252.2,255.18 3 1
aurago/internal/memory/journal.go:255.18,258.248 3 1
aurago/internal/memory/journal.go:258.248,260.4 1 0
aurago/internal/memory/journal.go:261.3,263.27 3 1
aurago/internal/memory/journal.go:265.2,265.24 1 1
aurago/internal/memory/journal.go:269.78,270.23 1 1
aurago/internal/memory/journal.go:270.23,272.3 1 0
aurago/internal/memory/journal.go:273.2,273.27 1 1
aurago/internal/memory/journal.go:273.27,275.3 1 0
aurago/internal/memory/journal.go:276.2,276.50 1 1
aurago/internal/memory/journal.go:276.50,278.3 1 0
aurago/internal/memory/journal.go:279.2,279.22 1 1
aurago/internal/memory/journal.go:279.22,281.3 1 1
aurago/internal/memory/journal.go:283.2,291.16 3 1
aurago/internal/memory/journal.go:291.16,293.3 1 0
aurago/internal/memory/journal.go:294.2,294.27 1 1
aurago/internal/memory/journal.go:298.82,304.16 3 0
aurago/internal/memory/journal.go:304.16,306.3 1 0
aurago/internal/memory/journal.go:307.2,307.23 1 0
aurago/internal/memory/journal.go:312.110,316.16 3 1
aurago/internal/memory/journal.go:316.16,319.3 2 1
aurago/internal/memory/journal.go:320.2,320.14 1 1
aurago/internal/memory/journal.go:320.14,323.3 2 1
aurago/internal/memory/journal.go:324.2,324.20 1 1
aurago/internal/memory/journal.go:324.20,326.27 2 1
aurago/internal/memory/journal.go:326.27,329.4 2 1
aurago/internal/memory/journal.go:330.3,330.89 1 1
aurago/internal/memory/journal.go:333.2,334.25 2 1
aurago/internal/memory/journal.go:334.25,336.3 1 1
aurago/internal/memory/journal.go:337.2,338.15 2 1
aurago/internal/memory/journal.go:338.15,340.3 1 1
aurago/internal/memory/journal.go:342.2,343.16 2 1
aurago/internal/memory/journal.go:343.16,345.3 1 0
aurago/internal/memory/journal.go:346.2,349.18 3 1
aurago/internal/memory/journal.go:349.18,352.159 3 1
aurago/internal/memory/journal.go:352.159,354.4 1 0
aurago/internal/memory/journal.go:355.3,356.31 2 1
aurago/internal/memory/journal.go:358.2,358.28 1 1
aurago/internal/memory/journal.go:362.96,364.2 1 1
aurago/internal/memory/journal.go:368.121,369.19 1 1
aurago/internal/memory/journal.go:369.19,371.3 1 0
aurago/internal/memory/journal.go:372.2,372.16 1 1
aurago/internal/memory/journal.go:372.16,374.3 1 0
aurago/internal/memory/journal.go:376.2,381.20 4 1
aurago/internal/memory/journal.go:381.20,384.3 2 1
aurago/internal/memory/journal.go:385.2,385.18 1 1
aurago/internal/memory/journal.go:385.18,388.3 2 1
aurago/internal/memory/journal.go:389.2,393.16 4 1
aurago/internal/memory/journal.go:393.16,395.3 1 0
aurago/internal/memory/journal.go:396.2,399.18 3 1
aurago/internal/memory/journal.go:399.18,402.159 3 1
aurago/internal/memory/journal.go:402.159,404.4 1 0
aurago/internal/memory/journal.go:405.3,406.31 2 1
aurago/internal/memory/journal.go:408.2,408.28 1 1
aurago/internal/memory/journal.go:412.125,413.16 1 1
aurago/internal/memory/journal.go:413.16,415.3 1 0
aurago/internal/memory/journal.go:417.2,422.19 3 1
aurago/internal/memory/journal.go:422.19,426.3 3 1
aurago/internal/memory/journal.go:427.2,427.20 1 1
aurago/internal/memory/journal.go:427.20,430.3 2 1
aurago/internal/memory/journal.go:431.2,431.18 1 1
aurago/internal/memory/journal.go:431.18,434.3 2 1
aurago/internal/memory/journal.go:435.2,439.16 4 1
aurago/internal/memory/journal.go:439.16,441.3 1 0
aurago/internal/memory/journal.go:442.2,445.18 3 1
aurago/internal/memory/journal.go:445.18,461.17 3 1
aurago/internal/memory/journal.go:461.17,463.4 1 0
aurago/internal/memory/journal.go:464.3,466.35 3 1
aurago/internal/memory/journal.go:468.2,468.28 1 1
aurago/internal/memory/journal.go:472.113,473.22 1 0
aurago/internal/memory/journal.go:473.22,475.3 1 0
aurago/internal/memory/journal.go:476.2,476.22 1 0
aurago/internal/memory/journal.go:476.22,478.3 1 0
aurago/internal/memory/journal.go:480.2,481.98 2 0
aurago/internal/memory/journal.go:481.98,483.3 1 0
aurago/internal/memory/journal.go:485.2,486.180 2 0
aurago/internal/memory/journal.go:486.180,488.3 1 0
aurago/internal/memory/journal.go:490.2,491.16 2 0
aurago/internal/memory/journal.go:491.16,493.3 1 0
aurago/internal/memory/journal.go:494.2,497.18 3 0
aurago/internal/memory/journal.go:497.18,500.52 3 0
aurago/internal/memory/journal.go:500.52,502.4 1 0
aurago/internal/memory/journal.go:503.3,503.27 1 0
aurago/internal/memory/journal.go:506.2,507.16 2 0
aurago/internal/memory/journal.go:507.16,509.3 1 0
aurago/internal/memory/journal.go:510.2,511.35 2 0
aurago/internal/memory/journal.go:511.35,524.3 1 0
aurago/internal/memory/journal.go:526.2,532.8 1 0
aurago/internal/memory/journal.go:536.59,538.16 2 1
aurago/internal/memory/journal.go:538.16,540.3 1 0
aurago/internal/memory/journal.go:541.2,542.12 2 1
aurago/internal/memory/journal.go:542.12,544.3 1 0
aurago/internal/memory/journal.go:545.2,545.12 1 1
aurago/internal/memory/journal.go:549.71,550.24 1 1
aurago/internal/memory/journal.go:550.24,552.3 1 0
aurago/internal/memory/journal.go:554.2,567.16 5 1
aurago/internal/memory/journal.go:567.16,569.3 1 0
aurago/internal/memory/journal.go:570.2,570.12 1 1
aurago/internal/memory/journal.go:574.76,581.109 4 1
aurago/internal/memory/journal.go:581.109,582.36 1 1
aurago/internal/memory/journal.go:582.36,584.4 1 1
aurago/internal/memory/journal.go:585.3,585.55 1 0
aurago/internal/memory/journal.go:587.2,589.16 3 1
aurago/internal/memory/journal.go:593.82,594.15 1 1
aurago/internal/memory/journal.go:594.15,596.3 1 0
aurago/internal/memory/journal.go:597.2,600.16 2 1
aurago/internal/memory/journal.go:600.16,602.3 1 0
aurago/internal/memory/journal.go:603.2,606.18 3 1
aurago/internal/memory/journal.go:606.18,609.111 3 1
aurago/internal/memory/journal.go:609.111,611.4 1 0
aurago/internal/memory/journal.go:612.3,614.35 3 1
aurago/internal/memory/journal.go:616.2,616.30 1 1
aurago/internal/memory/journal.go:620.81,623.16 3 1
aurago/internal/memory/journal.go:623.16,626.3 2 0
aurago/internal/memory/journal.go:627.2,627.14 1 1
aurago/internal/memory/journal.go:627.14,630.3 2 0
aurago/internal/memory/journal.go:632.2,633.25 2 1
aurago/internal/memory/journal.go:633.25,635.3 1 0
aurago/internal/memory/journal.go:636.2,639.16 3 1
aurago/internal/memory/journal.go:639.16,641.3 1 0
aurago/internal/memory/journal.go:642.2,645.18 3 1
aurago/internal/memory/journal.go:645.18,648.55 3 1
aurago/internal/memory/journal.go:648.55,650.4 1 0
aurago/internal/memory/journal.go:651.3,651.27 1 1
aurago/internal/memory/journal.go:653.2,653.26 1 1
aurago/internal/memory/journal.go:657.62,659.16 2 1
aurago/internal/memory/journal.go:659.16,661.3 1 0
aurago/internal/memory/journal.go:662.2,662.18 1 1
aurago/internal/memory/journal.go:665.53,667.32 2 0
aurago/internal/memory/journal.go:667.32,669.3 1 0
aurago/internal/memory/journal.go:670.2,670.35 1 0
aurago/internal/memory/journal.go:670.35,672.3 1 0
aurago/internal/memory/journal.go:672.8,672.43 1 0
aurago/internal/memory/journal.go:672.43,674.3 1 0
aurago/internal/memory/journal.go:675.2,675.13 1 0
aurago/internal/memory/journal.go:678.52,679.22 1 1
aurago/internal/memory/journal.go:679.22,681.3 1 1
aurago/internal/memory/journal.go:682.2,684.31 3 1
aurago/internal/memory/journal.go:684.31,686.18 2 1
aurago/internal/memory/journal.go:686.18,687.12 1 0
aurago/internal/memory/journal.go:689.3,689.31 1 1
aurago/internal/memory/journal.go:689.31,690.12 1 0
aurago/internal/memory/journal.go:692.3,693.27 2 1
aurago/internal/memory/journal.go:695.2,696.12 2 1
aurago/internal/memory/long_term.go:66.42,73.2 2 0
aurago/internal/memory/long_term.go:79.40,83.64 2 0
aurago/internal/memory/long_term.go:83.64,85.17 2 0
aurago/internal/memory/long_term.go:85.17,87.4 1 0
aurago/internal/memory/long_term.go:89.2,89.14 1 0
aurago/internal/memory/long_term.go:95.46,97.2 1 0
aurago/internal/memory/long_term.go:103.92,105.16 2 0
aurago/internal/memory/long_term.go:105.16,107.3 1 0
aurago/internal/memory/long_term.go:108.2,114.46 4 0
aurago/internal/memory/long_term.go:114.46,116.72 1 0
aurago/internal/memory/long_term.go:116.72,118.4 1 0
aurago/internal/memory/long_term.go:119.3,120.24 2 0
aurago/internal/memory/long_term.go:121.8,130.29 4 0
aurago/internal/memory/long_term.go:130.29,131.22 1 0
aurago/internal/memory/long_term.go:131.22,133.5 1 0
aurago/internal/memory/long_term.go:134.4,134.22 1 0
aurago/internal/memory/long_term.go:134.22,136.5 1 0
aurago/internal/memory/long_term.go:137.4,137.24 1 0
aurago/internal/memory/long_term.go:137.24,139.5 1 0
aurago/internal/memory/long_term.go:142.3,142.29 1 0
aurago/internal/memory/long_term.go:142.29,143.22 1 0
aurago/internal/memory/long_term.go:143.22,145.5 1 0
aurago/internal/memory/long_term.go:146.4,146.24 1 0
aurago/internal/memory/long_term.go:146.24,148.5 1 0
aurago/internal/memory/long_term.go:151.3,151.23 1 0
aurago/internal/memory/long_term.go:151.23,153.4 1 0
aurago/internal/memory/long_term.go:155.3,161.112 2 0
aurago/internal/memory/long_term.go:164.2,165.16 2 0
aurago/internal/memory/long_term.go:165.16,167.3 1 0
aurago/internal/memory/long_term.go:169.2,181.28 2 0
aurago/internal/memory/long_term.go:181.28,184.3 2 0
aurago/internal/memory/long_term.go:184.8,188.17 4 0
aurago/internal/memory/long_term.go:188.17,191.4 2 0
aurago/internal/memory/long_term.go:191.9,194.38 3 0
aurago/internal/memory/long_term.go:194.38,196.5 1 0
aurago/internal/memory/long_term.go:200.2,200.17 1 0
aurago/internal/memory/long_term.go:205.115,207.34 2 0
aurago/internal/memory/long_term.go:207.34,208.12 1 0
aurago/internal/memory/long_term.go:208.12,212.4 3 0
aurago/internal/memory/long_term.go:213.3,216.17 4 0
aurago/internal/memory/long_term.go:216.17,218.4 1 0
aurago/internal/memory/long_term.go:219.3,220.83 2 0
aurago/internal/memory/long_term.go:222.2,222.98 1 0
aurago/internal/memory/long_term.go:227.85,229.2 1 0
aurago/internal/memory/long_term.go:234.103,235.24 1 0
aurago/internal/memory/long_term.go:235.24,237.3 1 0
aurago/internal/memory/long_term.go:239.2,240.36 2 0
aurago/internal/memory/long_term.go:240.36,243.3 2 0
aurago/internal/memory/long_term.go:246.2,246.90 1 0
aurago/internal/memory/long_term.go:246.90,247.60 1 0
aurago/internal/memory/long_term.go:247.60,250.4 2 0
aurago/internal/memory/long_term.go:253.2,262.18 5 0
aurago/internal/memory/long_term.go:262.18,264.3 1 0
aurago/internal/memory/long_term.go:267.2,267.30 1 0
aurago/internal/memory/long_term.go:267.30,274.61 3 0
aurago/internal/memory/long_term.go:274.61,277.4 2 0
aurago/internal/memory/long_term.go:278.3,279.30 2 0
aurago/internal/memory/long_term.go:283.2,285.29 3 0
aurago/internal/memory/long_term.go:285.29,288.3 2 0
aurago/internal/memory/long_term.go:289.2,293.31 4 0
aurago/internal/memory/long_term.go:293.31,300.19 3 0
aurago/internal/memory/long_term.go:300.19,302.4 1 0
aurago/internal/memory/long_term.go:303.3,308.39 2 0
aurago/internal/memory/long_term.go:312.2,314.70 3 0
aurago/internal/memory/long_term.go:314.70,317.3 2 0
aurago/internal/memory/long_term.go:319.2,320.23 2 0
aurago/internal/memory/long_term.go:326.117,327.24 1 0
aurago/internal/memory/long_term.go:327.24,329.3 1 0
aurago/internal/memory/long_term.go:330.2,330.25 1 0
aurago/internal/memory/long_term.go:330.25,332.3 1 0
aurago/internal/memory/long_term.go:334.2,352.60 7 0
aurago/internal/memory/long_term.go:352.60,355.3 2 0
aurago/internal/memory/long_term.go:357.2,358.19 2 0
aurago/internal/memory/long_term.go:363.62,364.28 1 0
aurago/internal/memory/long_term.go:364.28,366.3 1 0
aurago/internal/memory/long_term.go:368.2,371.24 3 0
aurago/internal/memory/long_term.go:371.24,373.23 2 0
aurago/internal/memory/long_term.go:373.23,375.9 2 0
aurago/internal/memory/long_term.go:379.3,380.28 2 0
aurago/internal/memory/long_term.go:380.28,382.4 1 0
aurago/internal/memory/long_term.go:382.9,385.29 2 0
aurago/internal/memory/long_term.go:385.29,387.5 1 0
aurago/internal/memory/long_term.go:391.3,395.16 3 0
aurago/internal/memory/long_term.go:395.16,397.4 1 0
aurago/internal/memory/long_term.go:400.2,400.15 1 0
aurago/internal/memory/long_term.go:406.78,407.24 1 0
aurago/internal/memory/long_term.go:407.24,409.3 1 0
aurago/internal/memory/long_term.go:411.2,420.29 4 0
aurago/internal/memory/long_term.go:420.29,421.44 1 0
aurago/internal/memory/long_term.go:421.44,424.4 2 0
aurago/internal/memory/long_term.go:425.3,426.13 2 0
aurago/internal/memory/long_term.go:426.13,429.17 2 0
aurago/internal/memory/long_term.go:429.17,429.34 1 0
aurago/internal/memory/long_term.go:431.4,432.97 2 0
aurago/internal/memory/long_term.go:432.97,433.62 1 0
aurago/internal/memory/long_term.go:433.62,436.6 2 0
aurago/internal/memory/long_term.go:438.4,438.60 1 0
aurago/internal/memory/long_term.go:442.2,447.18 3 0
aurago/internal/memory/long_term.go:447.18,449.13 2 0
aurago/internal/memory/long_term.go:449.13,451.4 1 0
aurago/internal/memory/long_term.go:453.2,453.39 1 0
aurago/internal/memory/long_term.go:453.39,453.75 1 0
aurago/internal/memory/long_term.go:454.2,455.25 2 0
aurago/internal/memory/long_term.go:455.25,457.3 1 0
aurago/internal/memory/long_term.go:459.2,459.27 1 0
aurago/internal/memory/long_term.go:459.27,461.3 1 0
aurago/internal/memory/long_term.go:463.2,467.35 4 0
aurago/internal/memory/long_term.go:467.35,473.24 3 0
aurago/internal/memory/long_term.go:473.24,475.4 1 0
aurago/internal/memory/long_term.go:477.3,477.31 1 0
aurago/internal/memory/long_term.go:477.31,486.4 3 0
aurago/internal/memory/long_term.go:486.9,489.18 2 0
aurago/internal/memory/long_term.go:489.18,492.5 2 0
aurago/internal/memory/long_term.go:493.4,493.35 1 0
aurago/internal/memory/long_term.go:498.2,498.24 1 0
aurago/internal/memory/long_term.go:498.24,500.22 2 0
aurago/internal/memory/long_term.go:500.22,502.4 1 0
aurago/internal/memory/long_term.go:503.3,505.81 3 0
aurago/internal/memory/long_term.go:505.81,508.4 2 0
aurago/internal/memory/long_term.go:509.3,509.39 1 0
aurago/internal/memory/long_term.go:512.2,513.20 2 0
aurago/internal/memory/long_term.go:519.124,520.24 1 0
aurago/internal/memory/long_term.go:520.24,522.3 1 0
aurago/internal/memory/long_term.go:524.2,529.16 4 0
aurago/internal/memory/long_term.go:529.16,531.3 1 0
aurago/internal/memory/long_term.go:533.2,535.33 3 0
aurago/internal/memory/long_term.go:535.33,537.40 2 0
aurago/internal/memory/long_term.go:537.40,539.4 1 0
aurago/internal/memory/long_term.go:540.3,540.36 1 0
aurago/internal/memory/long_term.go:540.36,541.22 1 0
aurago/internal/memory/long_term.go:541.22,543.5 1 0
aurago/internal/memory/long_term.go:545.8,547.3 1 0
aurago/internal/memory/long_term.go:549.2,563.38 4 0
aurago/internal/memory/long_term.go:563.38,566.17 3 0
aurago/internal/memory/long_term.go:566.17,568.12 2 0
aurago/internal/memory/long_term.go:570.3,570.23 1 0
aurago/internal/memory/long_term.go:570.23,573.12 3 0
aurago/internal/memory/long_term.go:575.3,577.28 3 0
aurago/internal/memory/long_term.go:577.28,579.4 1 0
aurago/internal/memory/long_term.go:580.3,580.41 1 0
aurago/internal/memory/long_term.go:580.41,583.4 2 0
aurago/internal/memory/long_term.go:586.2,588.24 2 0
aurago/internal/memory/long_term.go:588.24,590.10 2 0
aurago/internal/memory/long_term.go:591.24,591.24 0 0
aurago/internal/memory/long_term.go:592.21,595.70 2 0
aurago/internal/memory/long_term.go:595.70,597.5 1 0
aurago/internal/memory/long_term.go:598.4,598.21 1 0
aurago/internal/memory/long_term.go:600.3,600.20 1 0
aurago/internal/memory/long_term.go:600.20,602.12 2 0
aurago/internal/memory/long_term.go:604.3,604.37 1 0
aurago/internal/memory/long_term.go:604.37,606.53 2 0
aurago/internal/memory/long_term.go:606.53,607.63 1 0
aurago/internal/memory/long_term.go:607.63,609.21 2 0
aurago/internal/memory/long_term.go:609.21,612.23 2 0
aurago/internal/memory/long_term.go:612.23,614.8 1 0
aurago/internal/memory/long_term.go:615.7,615.32 1 0
aurago/internal/memory/long_term.go:620.4,620.17 1 0
aurago/internal/memory/long_term.go:620.17,622.58 2 0
aurago/internal/memory/long_term.go:622.58,624.6 1 0
aurago/internal/memory/long_term.go:626.5,626.40 1 0
aurago/internal/memory/long_term.go:626.40,628.6 1 0
aurago/internal/memory/long_term.go:630.5,633.25 3 0
aurago/internal/memory/long_term.go:633.25,635.6 1 0
aurago/internal/memory/long_term.go:637.5,641.7 1 0
aurago/internal/memory/long_term.go:647.2,647.45 1 0
aurago/internal/memory/long_term.go:647.45,649.3 1 0
aurago/internal/memory/long_term.go:650.2,650.28 1 0
aurago/internal/memory/long_term.go:650.28,652.3 1 0
aurago/internal/memory/long_term.go:654.2,656.31 3 0
aurago/internal/memory/long_term.go:656.31,659.3 2 0
aurago/internal/memory/long_term.go:661.2,661.36 1 0
aurago/internal/memory/long_term.go:668.99,669.24 1 0
aurago/internal/memory/long_term.go:669.24,671.3 1 0
aurago/internal/memory/long_term.go:673.2,677.36 4 0
aurago/internal/memory/long_term.go:677.36,679.3 1 0
aurago/internal/memory/long_term.go:681.2,682.27 2 0
aurago/internal/memory/long_term.go:682.27,684.3 1 0
aurago/internal/memory/long_term.go:686.2,687.16 2 0
aurago/internal/memory/long_term.go:687.16,689.3 1 0
aurago/internal/memory/long_term.go:691.2,692.16 2 0
aurago/internal/memory/long_term.go:692.16,694.3 1 0
aurago/internal/memory/long_term.go:696.2,698.28 3 0
aurago/internal/memory/long_term.go:698.28,700.47 2 0
aurago/internal/memory/long_term.go:700.47,701.62 1 0
aurago/internal/memory/long_term.go:701.62,703.20 2 0
aurago/internal/memory/long_term.go:703.20,705.22 2 0
aurago/internal/memory/long_term.go:705.22,707.7 1 0
aurago/internal/memory/long_term.go:708.6,708.31 1 0
aurago/internal/memory/long_term.go:713.3,713.16 1 0
aurago/internal/memory/long_term.go:713.16,716.4 2 0
aurago/internal/memory/long_term.go:718.2,718.24 1 0
aurago/internal/memory/long_term.go:722.63,723.24 1 0
aurago/internal/memory/long_term.go:723.24,725.3 1 0
aurago/internal/memory/long_term.go:726.2,729.16 4 0
aurago/internal/memory/long_term.go:729.16,731.3 1 0
aurago/internal/memory/long_term.go:732.2,732.25 1 0
aurago/internal/memory/long_term.go:736.60,737.24 1 0
aurago/internal/memory/long_term.go:737.24,739.3 1 0
aurago/internal/memory/long_term.go:740.2,742.48 3 0
aurago/internal/memory/long_term.go:748.100,750.93 2 0
aurago/internal/memory/long_term.go:750.93,753.3 2 0
aurago/internal/memory/long_term.go:754.2,757.16 3 0
aurago/internal/memory/long_term.go:757.16,759.3 1 0
aurago/internal/memory/long_term.go:761.2,764.30 3 0
aurago/internal/memory/long_term.go:764.30,768.35 3 0
aurago/internal/memory/long_term.go:768.35,769.47 1 0
aurago/internal/memory/long_term.go:769.47,771.5 1 0
aurago/internal/memory/long_term.go:773.3,773.30 1 0
aurago/internal/memory/long_term.go:773.30,775.4 1 0
aurago/internal/memory/long_term.go:777.2,779.23 2 0
aurago/internal/memory/long_term.go:785.52,788.13 3 1
aurago/internal/memory/long_term.go:788.13,790.3 1 1
aurago/internal/memory/long_term.go:791.2,793.13 3 1
aurago/internal/memory/long_term.go:793.13,795.3 1 1
aurago/internal/memory/long_term.go:796.2,797.16 2 1
aurago/internal/memory/long_term.go:797.16,799.3 1 1
aurago/internal/memory/long_term.go:800.2,800.13 1 1
aurago/internal/memory/long_term.go:800.13,802.3 1 1
aurago/internal/memory/long_term.go:803.2,803.13 1 1
aurago/internal/memory/long_term.go:803.13,805.3 1 1
aurago/internal/memory/long_term.go:806.2,806.12 1 1
aurago/internal/memory/long_term.go:811.56,813.29 2 1
aurago/internal/memory/long_term.go:813.29,815.3 1 1
aurago/internal/memory/long_term.go:816.2,816.16 1 1
aurago/internal/memory/long_term.go:820.46,822.2 1 0
aurago/internal/memory/multimodal_embed.go:34.122,36.54 2 1
aurago/internal/memory/multimodal_embed.go:36.54,38.3 1 1
aurago/internal/memory/multimodal_embed.go:39.2,46.3 1 1
aurago/internal/memory/multimodal_embed.go:50.56,54.88 3 1
aurago/internal/memory/multimodal_embed.go:54.88,56.3 1 1
aurago/internal/memory/multimodal_embed.go:57.2,57.17 1 1
aurago/internal/memory/multimodal_embed.go:62.98,64.16 2 1
aurago/internal/memory/multimodal_embed.go:64.16,66.3 1 1
aurago/internal/memory/multimodal_embed.go:68.2,71.19 3 1
aurago/internal/memory/multimodal_embed.go:72.16,73.44 1 1
aurago/internal/memory/multimodal_embed.go:74.10,75.44 1 1
aurago/internal/memory/multimodal_embed.go:81.105,93.16 4 1
aurago/internal/memory/multimodal_embed.go:93.16,95.3 1 0
aurago/internal/memory/multimodal_embed.go:97.2,98.16 2 1
aurago/internal/memory/multimodal_embed.go:98.16,100.3 1 0
aurago/internal/memory/multimodal_embed.go:101.2,104.26 3 1
aurago/internal/memory/multimodal_embed.go:109.105,128.16 3 1
aurago/internal/memory/multimodal_embed.go:128.16,130.3 1 0
aurago/internal/memory/multimodal_embed.go:132.2,133.46 2 1
aurago/internal/memory/multimodal_embed.go:133.46,137.22 2 1
aurago/internal/memory/multimodal_embed.go:137.22,140.4 2 1
aurago/internal/memory/multimodal_embed.go:140.9,142.4 1 0
aurago/internal/memory/multimodal_embed.go:145.2,146.16 2 1
aurago/internal/memory/multimodal_embed.go:146.16,148.3 1 0
aurago/internal/memory/multimodal_embed.go:149.2,150.21 2 1
aurago/internal/memory/multimodal_embed.go:150.21,152.3 1 1
aurago/internal/memory/multimodal_embed.go:154.2,154.32 1 1
aurago/internal/memory/multimodal_embed.go:158.79,160.16 2 1
aurago/internal/memory/multimodal_embed.go:160.16,162.3 1 0
aurago/internal/memory/multimodal_embed.go:163.2,166.16 3 1
aurago/internal/memory/multimodal_embed.go:166.16,168.3 1 0
aurago/internal/memory/multimodal_embed.go:170.2,170.38 1 1
aurago/internal/memory/multimodal_embed.go:170.38,172.3 1 1
aurago/internal/memory/multimodal_embed.go:174.2,179.58 2 1
aurago/internal/memory/multimodal_embed.go:179.58,181.3 1 0
aurago/internal/memory/multimodal_embed.go:182.2,182.65 1 1
aurago/internal/memory/multimodal_embed.go:182.65,184.3 1 1
aurago/internal/memory/multimodal_embed.go:186.2,186.58 1 1
aurago/internal/memory/multimodal_embed.go:190.85,192.16 2 1
aurago/internal/memory/multimodal_embed.go:192.16,194.3 1 0
aurago/internal/memory/multimodal_embed.go:195.2,198.16 3 1
aurago/internal/memory/multimodal_embed.go:198.16,200.3 1 0
aurago/internal/memory/multimodal_embed.go:202.2,202.38 1 1
aurago/internal/memory/multimodal_embed.go:202.38,204.3 1 0
aurago/internal/memory/multimodal_embed.go:206.2,213.58 2 1
aurago/internal/memory/multimodal_embed.go:213.58,215.3 1 0
aurago/internal/memory/multimodal_embed.go:216.2,216.87 1 1
aurago/internal/memory/multimodal_embed.go:216.87,218.3 1 0
aurago/internal/memory/multimodal_embed.go:220.2,220.73 1 1
aurago/internal/memory/multimodal_embed.go:224.48,226.24 2 1
aurago/internal/memory/multimodal_embed.go:226.24,228.3 1 1
aurago/internal/memory/multimodal_embed.go:229.2,230.15 2 1
aurago/internal/memory/multimodal_embed.go:230.15,232.3 1 1
aurago/internal/memory/multimodal_embed.go:233.2,234.24 2 1
aurago/internal/memory/multimodal_embed.go:234.24,236.3 1 1
aurago/internal/memory/multimodal_embed.go:237.2,237.12 1 1
aurago/internal/memory/multimodal_embed.go:241.37,242.45 1 1
aurago/internal/memory/multimodal_embed.go:243.23,244.22 1 1
aurago/internal/memory/multimodal_embed.go:245.14,246.21 1 1
aurago/internal/memory/multimodal_embed.go:247.14,248.21 1 1
aurago/internal/memory/multimodal_embed.go:249.15,250.22 1 1
aurago/internal/memory/multimodal_embed.go:251.14,252.21 1 1
aurago/internal/memory/multimodal_embed.go:253.23,254.22 1 1
aurago/internal/memory/multimodal_embed.go:255.14,256.25 1 1
aurago/internal/memory/multimodal_embed.go:257.14,258.22 1 1
aurago/internal/memory/multimodal_embed.go:259.14,260.21 1 1
aurago/internal/memory/multimodal_embed.go:261.14,262.21 1 1
aurago/internal/memory/multimodal_embed.go:263.15,264.22 1 1
aurago/internal/memory/multimodal_embed.go:265.14,266.21 1 1
aurago/internal/memory/multimodal_embed.go:267.14,268.21 1 1
aurago/internal/memory/multimodal_embed.go:269.14,270.26 1 1
aurago/internal/memory/multimodal_embed.go:271.14,272.27 1 1
aurago/internal/memory/multimodal_embed.go:273.10,274.36 1 1
aurago/internal/memory/multimodal_embed.go:279.43,282.21 3 1
aurago/internal/memory/multimodal_embed.go:282.21,284.3 1 1
aurago/internal/memory/multimodal_embed.go:285.2,285.10 1 1
aurago/internal/memory/notes.go:25.48,39.45 2 1
aurago/internal/memory/notes.go:39.45,41.3 1 0
aurago/internal/memory/notes.go:42.2,42.12 1 1
aurago/internal/memory/notes.go:52.110,53.17 1 1
aurago/internal/memory/notes.go:53.17,55.3 1 0
aurago/internal/memory/notes.go:56.2,56.53 1 1
aurago/internal/memory/notes.go:56.53,58.3 1 1
aurago/internal/memory/notes.go:59.2,59.57 1 1
aurago/internal/memory/notes.go:59.57,61.3 1 1
aurago/internal/memory/notes.go:62.2,62.20 1 1
aurago/internal/memory/notes.go:62.20,64.3 1 0
aurago/internal/memory/notes.go:65.2,65.34 1 1
aurago/internal/memory/notes.go:65.34,67.3 1 0
aurago/internal/memory/notes.go:68.2,73.16 3 1
aurago/internal/memory/notes.go:73.16,75.3 1 0
aurago/internal/memory/notes.go:76.2,76.27 1 1
aurago/internal/memory/notes.go:81.83,85.20 3 1
aurago/internal/memory/notes.go:85.20,88.3 2 1
aurago/internal/memory/notes.go:89.2,89.21 1 1
aurago/internal/memory/notes.go:89.21,91.3 1 1
aurago/internal/memory/notes.go:91.8,91.28 1 1
aurago/internal/memory/notes.go:91.28,93.3 1 0
aurago/internal/memory/notes.go:95.2,96.25 2 1
aurago/internal/memory/notes.go:96.25,98.3 1 1
aurago/internal/memory/notes.go:99.2,102.16 3 1
aurago/internal/memory/notes.go:102.16,104.3 1 0
aurago/internal/memory/notes.go:105.2,108.18 3 1
aurago/internal/memory/notes.go:108.18,110.139 2 1
aurago/internal/memory/notes.go:110.139,112.4 1 0
aurago/internal/memory/notes.go:113.3,113.27 1 1
aurago/internal/memory/notes.go:115.2,115.35 1 1
aurago/internal/memory/notes.go:115.35,117.3 1 0
aurago/internal/memory/notes.go:118.2,118.19 1 1
aurago/internal/memory/notes.go:122.77,123.17 1 0
aurago/internal/memory/notes.go:123.17,125.3 1 0
aurago/internal/memory/notes.go:126.2,126.30 1 0
aurago/internal/memory/notes.go:126.30,128.3 1 0
aurago/internal/memory/notes.go:130.2,139.16 3 0
aurago/internal/memory/notes.go:139.16,141.3 1 0
aurago/internal/memory/notes.go:142.2,145.18 3 0
aurago/internal/memory/notes.go:145.18,147.139 2 0
aurago/internal/memory/notes.go:147.139,149.4 1 0
aurago/internal/memory/notes.go:150.3,150.27 1 0
aurago/internal/memory/notes.go:152.2,152.35 1 0
aurago/internal/memory/notes.go:152.35,154.3 1 0
aurago/internal/memory/notes.go:155.2,155.19 1 0
aurago/internal/memory/notes.go:159.114,165.17 4 0
aurago/internal/memory/notes.go:165.17,168.3 2 0
aurago/internal/memory/notes.go:169.2,169.19 1 0
aurago/internal/memory/notes.go:169.19,172.3 2 0
aurago/internal/memory/notes.go:173.2,173.20 1 0
aurago/internal/memory/notes.go:173.20,176.3 2 0
aurago/internal/memory/notes.go:177.2,177.36 1 0
aurago/internal/memory/notes.go:177.36,180.3 2 0
aurago/internal/memory/notes.go:181.2,181.19 1 0
aurago/internal/memory/notes.go:181.19,184.3 2 0
aurago/internal/memory/notes.go:186.2,186.20 1 0
aurago/internal/memory/notes.go:186.20,188.3 1 0
aurago/internal/memory/notes.go:190.2,196.16 6 0
aurago/internal/memory/notes.go:196.16,198.3 1 0
aurago/internal/memory/notes.go:199.2,200.15 2 0
aurago/internal/memory/notes.go:200.15,202.3 1 0
aurago/internal/memory/notes.go:203.2,203.12 1 0
aurago/internal/memory/notes.go:207.63,212.16 3 0
aurago/internal/memory/notes.go:212.16,214.3 1 0
aurago/internal/memory/notes.go:215.2,216.15 2 0
aurago/internal/memory/notes.go:216.15,218.3 1 0
aurago/internal/memory/notes.go:220.2,222.16 3 0
aurago/internal/memory/notes.go:222.16,224.3 1 0
aurago/internal/memory/notes.go:225.2,225.18 1 0
aurago/internal/memory/notes.go:229.51,231.16 2 0
aurago/internal/memory/notes.go:231.16,233.3 1 0
aurago/internal/memory/notes.go:234.2,235.15 2 0
aurago/internal/memory/notes.go:235.15,237.3 1 0
aurago/internal/memory/notes.go:238.2,238.12 1 0
aurago/internal/memory/notes.go:242.76,243.16 1 0
aurago/internal/memory/notes.go:243.16,245.3 1 0
aurago/internal/memory/notes.go:246.2,251.16 2 0
aurago/internal/memory/notes.go:251.16,253.3 1 0
aurago/internal/memory/notes.go:254.2,257.18 3 0
aurago/internal/memory/notes.go:257.18,259.139 2 0
aurago/internal/memory/notes.go:259.139,261.4 1 0
aurago/internal/memory/notes.go:262.3,262.27 1 0
aurago/internal/memory/notes.go:264.2,264.26 1 0
aurago/internal/memory/notes.go:269.71,272.16 3 0
aurago/internal/memory/notes.go:272.16,274.3 1 0
aurago/internal/memory/notes.go:275.2,275.27 1 0
aurago/internal/memory/notes.go:279.43,280.18 1 0
aurago/internal/memory/notes.go:280.18,282.3 1 0
aurago/internal/memory/notes.go:283.2,284.18 2 0
aurago/internal/memory/notes.go:288.53,291.16 3 0
aurago/internal/memory/notes.go:291.16,293.3 1 0
aurago/internal/memory/notes.go:294.2,294.19 1 0
aurago/internal/memory/personality.go:71.47,80.2 1 1
aurago/internal/memory/personality.go:82.59,96.2 1 1
aurago/internal/memory/personality.go:98.57,99.39 1 1
aurago/internal/memory/personality.go:99.39,101.3 1 0
aurago/internal/memory/personality.go:102.2,102.13 1 1
aurago/internal/memory/personality.go:102.13,104.3 1 1
aurago/internal/memory/personality.go:105.2,105.13 1 1
aurago/internal/memory/personality.go:105.13,107.3 1 1
aurago/internal/memory/personality.go:108.2,108.10 1 1
aurago/internal/memory/personality.go:111.83,112.17 1 1
aurago/internal/memory/personality.go:112.17,114.3 1 1
aurago/internal/memory/personality.go:115.2,120.30 3 1
aurago/internal/memory/personality.go:120.30,121.26 1 1
aurago/internal/memory/personality.go:121.26,122.12 1 0
aurago/internal/memory/personality.go:124.3,124.47 1 1
aurago/internal/memory/personality.go:126.2,126.19 1 1
aurago/internal/memory/personality.go:126.19,128.3 1 0
aurago/internal/memory/personality.go:129.2,129.12 1 1
aurago/internal/memory/personality.go:133.55,135.23 2 1
aurago/internal/memory/personality.go:135.23,137.3 1 1
aurago/internal/memory/personality.go:138.2,140.24 2 1
aurago/internal/memory/personality.go:140.24,142.3 1 1
aurago/internal/memory/personality.go:143.2,145.37 2 1
aurago/internal/memory/personality.go:145.37,147.3 1 1
aurago/internal/memory/personality.go:148.2,150.27 2 1
aurago/internal/memory/personality.go:150.27,152.3 1 1
aurago/internal/memory/personality.go:153.2,155.28 2 1
aurago/internal/memory/personality.go:156.21,157.33 1 1
aurago/internal/memory/personality.go:158.33,158.33 0 0
aurago/internal/memory/personality.go:160.10,161.33 1 1
aurago/internal/memory/personality.go:164.2,168.10 4 1
aurago/internal/memory/personality.go:172.43,174.55 2 0
aurago/internal/memory/personality.go:174.55,176.3 1 0
aurago/internal/memory/personality.go:177.2,177.58 1 0
aurago/internal/memory/personality.go:177.58,179.3 1 0
aurago/internal/memory/personality.go:180.2,180.97 1 0
aurago/internal/memory/personality.go:180.97,182.3 1 0
aurago/internal/memory/personality.go:183.2,183.67 1 0
aurago/internal/memory/personality.go:183.67,185.3 1 0
aurago/internal/memory/personality.go:186.2,186.28 1 0
aurago/internal/memory/personality.go:187.48,188.13 1 0
aurago/internal/memory/personality.go:189.10,190.72 1 0
[...]
aurago/internal/memory/short_term.go:1073.2,1075.16 3 1
aurago/internal/memory/short_term.go:1075.16,1077.3 1 0
aurago/internal/memory/short_term.go:1078.2,1081.18 3 1
aurago/internal/memory/short_term.go:1081.18,1094.17 2 1
aurago/internal/memory/short_term.go:1094.17,1096.4 1 0
aurago/internal/memory/short_term.go:1097.3,1097.27 1 1
aurago/internal/memory/short_term.go:1099.2,1099.35 1 1
aurago/internal/memory/short_term.go:1099.35,1101.3 1 0
aurago/internal/memory/short_term.go:1102.2,1102.19 1 1
aurago/internal/memory/short_term.go:1106.61,1110.2 3 0
aurago/internal/memory/short_term.go:1113.68,1114.28 1 1
aurago/internal/memory/short_term.go:1114.28,1116.3 1 0
aurago/internal/memory/short_term.go:1117.2,1124.12 3 1
aurago/internal/memory/short_term.go:1128.70,1129.16 1 1
aurago/internal/memory/short_term.go:1129.16,1131.3 1 0
aurago/internal/memory/short_term.go:1132.2,1135.26 4 1
aurago/internal/memory/short_term.go:1135.26,1137.3 1 0
aurago/internal/memory/short_term.go:1138.2,1138.16 1 1
aurago/internal/memory/short_term.go:1144.72,1150.16 3 0
aurago/internal/memory/short_term.go:1150.16,1153.3 1 0
aurago/internal/memory/short_term.go:1154.2,1154.19 1 0
aurago/internal/memory/short_term.go:1169.77,1171.13 2 0
aurago/internal/memory/short_term.go:1171.13,1173.3 1 0
aurago/internal/memory/short_term.go:1174.2,1183.12 2 0
aurago/internal/memory/short_term.go:1187.82,1189.16 2 0
aurago/internal/memory/short_term.go:1189.16,1191.3 1 0
aurago/internal/memory/short_term.go:1192.2,1195.18 3 0
aurago/internal/memory/short_term.go:1195.18,1197.93 2 0
aurago/internal/memory/short_term.go:1197.93,1198.12 1 0
aurago/internal/memory/short_term.go:1200.3,1200.31 1 0
aurago/internal/memory/short_term.go:1202.2,1202.28 1 0
aurago/internal/memory/short_term.go:1209.62,1210.17 1 1
aurago/internal/memory/short_term.go:1210.17,1212.3 1 1
aurago/internal/memory/short_term.go:1213.2,1213.22 1 1
aurago/internal/memory/short_term.go:1213.22,1215.3 1 1
aurago/internal/memory/short_term.go:1216.2,1224.16 3 1
aurago/internal/memory/short_term.go:1224.16,1226.3 1 0
aurago/internal/memory/short_term.go:1227.2,1227.12 1 1
aurago/internal/memory/short_term.go:1232.83,1239.16 3 1
aurago/internal/memory/short_term.go:1239.16,1241.3 1 0
aurago/internal/memory/short_term.go:1242.2,1245.18 3 1
aurago/internal/memory/short_term.go:1245.18,1247.39 2 1
aurago/internal/memory/short_term.go:1247.39,1249.4 1 1
aurago/internal/memory/short_term.go:1251.2,1251.35 1 1
aurago/internal/memory/short_term.go:1251.35,1253.3 1 0
aurago/internal/memory/short_term.go:1254.2,1254.20 1 1
aurago/internal/memory/short_term.go:1258.75,1260.16 2 1
aurago/internal/memory/short_term.go:1260.16,1262.3 1 0
aurago/internal/memory/short_term.go:1263.2,1263.27 1 1
aurago/internal/memory/short_term.go:1268.78,1272.16 2 0
aurago/internal/memory/short_term.go:1272.16,1274.3 1 0
aurago/internal/memory/short_term.go:1275.2,1275.27 1 0
aurago/internal/memory/short_term.go:1279.80,1281.16 2 0
aurago/internal/memory/short_term.go:1281.16,1283.3 1 0
aurago/internal/memory/short_term.go:1284.2,1284.27 1 0
aurago/internal/memory/short_term.go:1290.102,1296.16 4 1
aurago/internal/memory/short_term.go:1296.16,1297.28 1 1
aurago/internal/memory/short_term.go:1297.28,1298.16 1 1
aurago/internal/memory/short_term.go:1298.16,1301.5 2 1
aurago/internal/memory/short_term.go:1306.2,1306.20 1 1
aurago/internal/memory/short_term.go:1306.20,1308.54 2 1
aurago/internal/memory/short_term.go:1308.54,1311.4 2 1
aurago/internal/memory/short_term.go:1314.2,1314.30 1 1
aurago/internal/memory/short_term.go:1314.30,1316.3 1 0
aurago/internal/memory/short_term.go:1317.2,1317.25 1 1
aurago/internal/memory/short_term.go:1321.69,1324.26 3 1
aurago/internal/memory/short_term.go:1324.26,1326.3 1 1
aurago/internal/memory/short_term.go:1327.2,1327.21 1 1
aurago/internal/memory/short_term.go:1331.90,1340.2 2 0
aurago/internal/memory/short_term.go:1344.115,1346.16 2 1
aurago/internal/memory/short_term.go:1346.16,1348.3 1 0
aurago/internal/memory/short_term.go:1349.2,1357.44 2 1
aurago/internal/memory/short_term.go:1357.44,1359.3 1 0
aurago/internal/memory/short_term.go:1361.2,1361.96 1 1
aurago/internal/memory/short_term.go:1361.96,1363.3 1 0
aurago/internal/memory/short_term.go:1365.2,1365.31 1 1
aurago/internal/memory/short_term.go:1365.31,1367.18 2 1
aurago/internal/memory/short_term.go:1367.18,1368.12 1 0
aurago/internal/memory/short_term.go:1370.3,1373.31 1 1
aurago/internal/memory/short_term.go:1373.31,1375.4 1 0
aurago/internal/memory/short_term.go:1378.2,1378.20 1 1
aurago/internal/memory/short_term.go:1382.78,1389.16 2 1
aurago/internal/memory/short_term.go:1389.16,1391.3 1 0
aurago/internal/memory/short_term.go:1392.2,1395.18 3 1
aurago/internal/memory/short_term.go:1395.18,1397.43 2 1
aurago/internal/memory/short_term.go:1397.43,1399.4 1 0
aurago/internal/memory/short_term.go:1400.3,1400.33 1 1
aurago/internal/memory/short_term.go:1402.2,1402.27 1 1
aurago/internal/memory/short_term.go:1406.78,1413.16 2 1
aurago/internal/memory/short_term.go:1413.16,1415.3 1 0
aurago/internal/memory/short_term.go:1416.2,1419.18 3 1
aurago/internal/memory/short_term.go:1419.18,1421.42 2 1
aurago/internal/memory/short_term.go:1421.42,1423.4 1 0
aurago/internal/memory/short_term.go:1424.3,1424.30 1 1
aurago/internal/memory/short_term.go:1426.2,1426.26 1 1
aurago/internal/memory/short_term.go:1431.59,1433.16 2 1
aurago/internal/memory/short_term.go:1433.16,1435.3 1 0
aurago/internal/memory/short_term.go:1436.2,1438.96 2 1
aurago/internal/memory/short_term.go:1438.96,1440.3 1 0
aurago/internal/memory/short_term.go:1441.2,1441.89 1 1
aurago/internal/memory/short_term.go:1441.89,1443.3 1 0
aurago/internal/memory/short_term.go:1445.2,1445.20 1 1
aurago/internal/memory/short_term.go:1451.49,1453.16 2 1
aurago/internal/memory/short_term.go:1453.16,1455.3 1 0
aurago/internal/memory/short_term.go:1456.2,1458.70 2 1
aurago/internal/memory/short_term.go:1458.70,1460.3 1 0
aurago/internal/memory/short_term.go:1461.2,1461.63 1 1
aurago/internal/memory/short_term.go:1461.63,1463.3 1 0
aurago/internal/memory/short_term.go:1465.2,1465.20 1 1
aurago/internal/memory/short_term.go:1471.48,1474.2 2 0
aurago/internal/memory/short_term_profile.go:39.55,43.2 3 0
aurago/internal/memory/short_term_profile.go:48.48,50.16 2 0
aurago/internal/memory/short_term_profile.go:50.16,52.3 1 0
aurago/internal/memory/short_term_profile.go:53.2,56.18 3 0
aurago/internal/memory/short_term_profile.go:56.18,59.47 3 0
aurago/internal/memory/short_term_profile.go:59.47,60.12 1 0
aurago/internal/memory/short_term_profile.go:62.3,62.53 1 0
aurago/internal/memory/short_term_profile.go:64.2,64.45 1 0
aurago/internal/memory/short_term_profile.go:68.58,72.2 3 0
aurago/internal/memory/short_term_profile.go:81.71,83.16 2 0
aurago/internal/memory/short_term_profile.go:83.16,85.3 1 0
aurago/internal/memory/short_term_profile.go:86.2,89.18 3 0
aurago/internal/memory/short_term_profile.go:89.18,91.51 2 0
aurago/internal/memory/short_term_profile.go:91.51,92.12 1 0
aurago/internal/memory/short_term_profile.go:94.3,94.27 1 0
aurago/internal/memory/short_term_profile.go:96.2,96.18 1 0
aurago/internal/memory/short_term_profile.go:96.18,98.3 1 0
aurago/internal/memory/short_term_profile.go:99.2,99.19 1 0
aurago/internal/memory/short_term_profile.go:106.70,107.38 1 0
aurago/internal/memory/short_term_profile.go:107.38,109.3 1 0
aurago/internal/memory/short_term_profile.go:110.2,111.16 2 0
aurago/internal/memory/short_term_profile.go:111.16,113.3 1 0
aurago/internal/memory/short_term_profile.go:114.2,114.27 1 0
aurago/internal/memory/short_term_profile.go:118.74,123.16 2 0
aurago/internal/memory/short_term_profile.go:123.16,125.3 1 0
aurago/internal/memory/short_term_profile.go:126.2,127.19 2 0
aurago/internal/memory/short_term_profile.go:127.19,129.3 1 0
aurago/internal/memory/short_term_profile.go:130.2,130.12 1 0
aurago/internal/memory/short_term_profile.go:134.61,136.16 2 0
aurago/internal/memory/short_term_profile.go:136.16,138.3 1 0
aurago/internal/memory/short_term_profile.go:139.2,140.19 2 0
aurago/internal/memory/short_term_profile.go:140.19,142.3 1 0
aurago/internal/memory/short_term_profile.go:143.2,143.12 1 0
aurago/internal/memory/short_term_profile.go:148.75,151.26 3 0
aurago/internal/memory/short_term_profile.go:151.26,153.3 1 0
aurago/internal/memory/short_term_profile.go:154.2,154.16 1 0
aurago/internal/memory/short_term_profile.go:158.63,162.2 3 0
aurago/internal/memory/short_term_profile.go:217.45,221.52 4 1
aurago/internal/memory/short_term_profile.go:221.52,223.3 1 1
aurago/internal/memory/short_term_profile.go:224.2,224.10 1 1
aurago/internal/memory/short_term_profile.go:227.49,231.59 4 1
aurago/internal/memory/short_term_profile.go:231.59,233.3 1 1
aurago/internal/memory/short_term_profile.go:234.2,234.10 1 1
aurago/internal/memory/short_term_profile.go:237.44,238.17 1 1
aurago/internal/memory/short_term_profile.go:238.17,240.3 1 0
aurago/internal/memory/short_term_profile.go:241.2,245.33 1 1
aurago/internal/memory/short_term_profile.go:248.51,250.2 1 1
aurago/internal/memory/short_term_profile.go:252.41,253.32 1 1
aurago/internal/memory/short_term_profile.go:253.32,255.3 1 0
aurago/internal/memory/short_term_profile.go:256.2,256.24 1 1
aurago/internal/memory/short_term_profile.go:256.24,257.67 1 1
aurago/internal/memory/short_term_profile.go:257.67,258.12 1 1
aurago/internal/memory/short_term_profile.go:260.3,260.15 1 0
aurago/internal/memory/short_term_profile.go:262.2,262.13 1 1
aurago/internal/memory/short_term_profile.go:266.44,268.2 1 1
aurago/internal/memory/short_term_profile.go:273.86,278.31 4 1
aurago/internal/memory/short_term_profile.go:278.31,280.3 1 0
aurago/internal/memory/short_term_profile.go:281.2,281.39 1 1
aurago/internal/memory/short_term_profile.go:281.39,283.3 1 1
aurago/internal/memory/short_term_profile.go:284.2,284.29 1 1
aurago/internal/memory/short_term_profile.go:284.29,286.3 1 0
aurago/internal/memory/short_term_profile.go:287.2,287.31 1 1
aurago/internal/memory/short_term_profile.go:287.31,289.3 1 1
aurago/internal/memory/short_term_profile.go:292.2,292.19 1 1
aurago/internal/memory/short_term_profile.go:292.19,294.3 1 0
aurago/internal/memory/short_term_profile.go:295.2,295.22 1 1
aurago/internal/memory/short_term_profile.go:295.22,297.3 1 0
aurago/internal/memory/short_term_profile.go:298.2,298.24 1 1
aurago/internal/memory/short_term_profile.go:298.24,300.3 1 0
aurago/internal/memory/short_term_profile.go:301.2,301.17 1 1
aurago/internal/memory/short_term_profile.go:301.17,303.3 1 0
aurago/internal/memory/short_term_profile.go:306.2,309.16 4 1
aurago/internal/memory/short_term_profile.go:309.16,310.64 1 0
aurago/internal/memory/short_term_profile.go:310.64,313.4 1 0
aurago/internal/memory/short_term_profile.go:313.9,316.4 1 0
aurago/internal/memory/short_term_profile.go:317.3,317.17 1 0
aurago/internal/memory/short_term_profile.go:317.17,319.4 1 0
aurago/internal/memory/short_term_profile.go:320.3,320.95 1 0
aurago/internal/memory/short_term_profile.go:320.95,322.4 1 0
aurago/internal/memory/short_term_profile.go:323.3,323.59 1 0
aurago/internal/memory/short_term_profile.go:327.2,328.16 2 1
aurago/internal/memory/short_term_profile.go:328.16,330.3 1 0
aurago/internal/memory/short_term_profile.go:331.2,331.94 1 1
aurago/internal/memory/short_term_profile.go:331.94,333.3 1 0
aurago/internal/memory/short_term_profile.go:334.2,334.58 1 1
aurago/internal/memory/short_term_profile.go:339.72,342.16 3 0
aurago/internal/memory/short_term_profile.go:342.16,344.3 1 0
aurago/internal/memory/short_term_profile.go:345.2,350.18 4 0
aurago/internal/memory/short_term_profile.go:350.18,353.56 3 0
aurago/internal/memory/short_term_profile.go:353.56,354.12 1 0
aurago/internal/memory/short_term_profile.go:356.3,356.46 1 0
aurago/internal/memory/short_term_profile.go:356.46,358.4 1 0
aurago/internal/memory/short_term_profile.go:359.3,359.77 1 0
aurago/internal/memory/short_term_profile.go:362.2,362.28 1 0
aurago/internal/memory/short_term_profile.go:362.28,364.3 1 0
aurago/internal/memory/short_term_profile.go:366.2,375.36 4 0
aurago/internal/memory/short_term_profile.go:375.36,377.18 2 0
aurago/internal/memory/short_term_profile.go:377.18,379.4 1 0
aurago/internal/memory/short_term_profile.go:380.3,381.23 2 0
aurago/internal/memory/short_term_profile.go:381.23,383.4 1 0
aurago/internal/memory/short_term_profile.go:384.3,384.80 1 0
aurago/internal/memory/short_term_profile.go:386.2,386.20 1 0
aurago/internal/memory/short_term_profile.go:390.83,393.20 3 1
aurago/internal/memory/short_term_profile.go:393.20,395.3 1 0
aurago/internal/memory/short_term_profile.go:395.8,397.3 1 1
aurago/internal/memory/short_term_profile.go:398.2,398.16 1 1
aurago/internal/memory/short_term_profile.go:398.16,400.3 1 0
aurago/internal/memory/short_term_profile.go:401.2,404.18 3 1
aurago/internal/memory/short_term_profile.go:404.18,406.120 2 1
aurago/internal/memory/short_term_profile.go:406.120,408.4 1 0
aurago/internal/memory/short_term_profile.go:409.3,409.31 1 1
aurago/internal/memory/short_term_profile.go:411.2,411.35 1 1
aurago/internal/memory/short_term_profile.go:411.35,413.3 1 0
aurago/internal/memory/short_term_profile.go:414.2,414.21 1 1
aurago/internal/memory/short_term_profile.go:418.71,420.16 2 0
aurago/internal/memory/short_term_profile.go:420.16,422.3 1 0
aurago/internal/memory/short_term_profile.go:423.2,424.19 2 0
aurago/internal/memory/short_term_profile.go:424.19,426.3 1 0
aurago/internal/memory/short_term_profile.go:427.2,427.12 1 0
aurago/internal/memory/short_term_profile.go:431.49,434.2 2 0
aurago/internal/memory/short_term_profile.go:438.85,440.16 2 0
aurago/internal/memory/short_term_profile.go:440.16,442.3 1 0
aurago/internal/memory/short_term_profile.go:443.2,443.27 1 0
aurago/internal/memory/short_term_profile.go:451.96,453.16 2 0
aurago/internal/memory/short_term_profile.go:453.16,455.3 1 0
aurago/internal/memory/short_term_profile.go:456.2,461.16 3 0
aurago/internal/memory/short_term_profile.go:461.16,463.3 1 0
aurago/internal/memory/short_term_profile.go:464.2,465.33 2 0
aurago/internal/memory/short_term_profile.go:472.58,484.16 2 0
aurago/internal/memory/short_term_profile.go:484.16,486.3 1 0
aurago/internal/memory/short_term_profile.go:487.2,491.18 4 0
aurago/internal/memory/short_term_profile.go:491.18,493.51 2 0
aurago/internal/memory/short_term_profile.go:493.51,494.12 1 0
aurago/internal/memory/short_term_profile.go:496.3,496.33 1 0
aurago/internal/memory/short_term_profile.go:498.2,500.29 2 0
aurago/internal/memory/short_term_profile.go:500.29,501.111 1 0
aurago/internal/memory/short_term_profile.go:501.111,503.4 1 0
aurago/internal/memory/short_term_profile.go:505.2,505.12 1 0
aurago/internal/memory/short_term_profile.go:510.70,512.88 2 1
aurago/internal/memory/short_term_profile.go:512.88,514.3 1 0
aurago/internal/memory/short_term_profile.go:515.2,515.25 1 1
aurago/internal/memory/short_term_profile.go:515.25,517.3 1 1
aurago/internal/memory/short_term_profile.go:518.2,522.12 3 0
aurago/internal/memory/short_term_profile.go:525.91,526.21 1 1
aurago/internal/memory/short_term_profile.go:526.21,528.3 1 0
aurago/internal/memory/short_term_profile.go:529.2,530.117 2 1
aurago/internal/memory/short_term_profile.go:530.117,532.3 1 0
aurago/internal/memory/short_term_profile.go:533.2,533.25 1 1
aurago/internal/memory/short_term_profile.go:533.25,535.3 1 1
aurago/internal/memory/short_term_profile.go:536.2,543.12 3 1
aurago/internal/memory/short_term_profile.go:550.111,557.49 3 0
aurago/internal/memory/short_term_profile.go:557.49,559.3 1 0
aurago/internal/memory/short_term_profile.go:561.2,564.16 3 0
aurago/internal/memory/short_term_profile.go:564.16,566.17 1 0
aurago/internal/memory/short_term_profile.go:566.17,569.73 1 0
aurago/internal/memory/short_term_profile.go:569.73,571.5 1 0
aurago/internal/memory/short_term_profile.go:572.4,572.15 1 0
aurago/internal/memory/short_term_profile.go:574.3,574.15 1 0
aurago/internal/memory/short_term_profile.go:577.2,579.21 3 0
aurago/internal/memory/short_term_profile.go:579.21,581.36 2 0
aurago/internal/memory/short_term_profile.go:581.36,583.18 2 0
aurago/internal/memory/short_term_profile.go:583.18,585.5 1 0
aurago/internal/memory/short_term_profile.go:589.2,589.34 1 0
aurago/internal/memory/short_term_profile.go:589.34,590.27 1 0
aurago/internal/memory/short_term_profile.go:590.27,591.52 1 0
aurago/internal/memory/short_term_profile.go:591.52,593.5 1 0
aurago/internal/memory/short_term_profile.go:595.3,595.82 1 0
aurago/internal/memory/short_term_profile.go:599.2,599.56 1 0
aurago/internal/memory/short_term_profile.go:599.56,601.3 1 0
aurago/internal/memory/short_term_profile.go:604.2,604.38 1 0
aurago/internal/memory/temporal_queries.go:25.74,27.2 1 0
aurago/internal/memory/temporal_queries.go:30.91,32.22 2 1
aurago/internal/memory/temporal_queries.go:32.22,34.3 1 0
aurago/internal/memory/temporal_queries.go:36.2,37.78 2 1
aurago/internal/memory/temporal_queries.go:37.78,39.3 1 1
aurago/internal/memory/temporal_queries.go:41.2,41.93 1 1
aurago/internal/memory/temporal_queries.go:41.93,43.3 1 1
aurago/internal/memory/temporal_queries.go:45.2,45.48 1 1
aurago/internal/memory/temporal_queries.go:48.90,57.116 2 1
aurago/internal/memory/temporal_queries.go:57.116,57.158 1 0
aurago/internal/memory/temporal_queries.go:57.192,57.234 1 0
aurago/internal/memory/temporal_queries.go:58.99,58.141 1 1
aurago/internal/memory/temporal_queries.go:58.175,58.217 1 1
aurago/internal/memory/temporal_queries.go:59.91,59.115 1 0
aurago/internal/memory/temporal_queries.go:59.149,59.173 1 0
aurago/internal/memory/temporal_queries.go:60.107,60.132 1 0
aurago/internal/memory/temporal_queries.go:60.166,60.190 1 0
aurago/internal/memory/temporal_queries.go:61.109,61.152 1 1
aurago/internal/memory/temporal_queries.go:61.186,61.229 1 1
aurago/internal/memory/temporal_queries.go:62.110,62.136 1 0
aurago/internal/memory/temporal_queries.go:62.170,62.194 1 0
aurago/internal/memory/temporal_queries.go:63.112,63.156 1 0
aurago/internal/memory/temporal_queries.go:63.190,63.234 1 0
aurago/internal/memory/temporal_queries.go:66.2,66.35 1 1
aurago/internal/memory/temporal_queries.go:66.35,67.42 1 1
aurago/internal/memory/temporal_queries.go:67.42,68.39 1 1
aurago/internal/memory/temporal_queries.go:68.39,70.5 1 1
aurago/internal/memory/temporal_queries.go:74.2,74.26 1 1
aurago/internal/memory/temporal_queries.go:77.98,91.35 3 1
aurago/internal/memory/temporal_queries.go:91.35,93.22 2 1
aurago/internal/memory/temporal_queries.go:93.22,94.12 1 1
aurago/internal/memory/temporal_queries.go:96.3,97.20 2 1
aurago/internal/memory/temporal_queries.go:97.20,98.12 1 0
aurago/internal/memory/temporal_queries.go:101.3,102.23 2 1
aurago/internal/memory/temporal_queries.go:103.16,105.24 2 1
aurago/internal/memory/temporal_queries.go:106.11,108.13 2 1
aurago/internal/memory/temporal_queries.go:110.3,111.91 2 1
aurago/internal/memory/temporal_queries.go:114.2,114.30 1 1
aurago/internal/memory/temporal_queries.go:117.48,126.44 3 1
aurago/internal/memory/temporal_queries.go:126.44,128.3 1 1
aurago/internal/memory/temporal_queries.go:129.2,130.16 2 1
aurago/internal/memory/temporal_queries.go:133.56,134.18 1 1
aurago/internal/memory/temporal_queries.go:134.18,136.3 1 0
aurago/internal/memory/temporal_queries.go:137.2,138.45 2 1
aurago/internal/memory/temporal_queries.go:141.40,144.2 2 1
aurago/internal/memory/temporal_queries.go:146.41,148.14 2 1
aurago/internal/memory/temporal_queries.go:148.14,150.3 1 0
aurago/internal/memory/temporal_queries.go:151.2,151.48 1 1
aurago/internal/memory/temporal_queries.go:154.42,157.2 2 0
aurago/internal/memory/temporal_queries.go:159.45,161.41 2 1
aurago/internal/memory/temporal_queries.go:161.41,162.25 1 1
aurago/internal/memory/temporal_queries.go:162.25,164.4 1 0
aurago/internal/memory/temporal_queries.go:165.3,165.24 1 1
aurago/internal/memory/temporal_queries.go:167.2,167.16 1 1
